<html><head><title>HsacExamples.SlimTests.BrowserTests.ScriptTest</title><meta http-equiv='Content-Type' content='text/html;charset=UTF-8'/><link rel='stylesheet' type='text/css' href='css/fitnesse.css'/><script src='javascript/jquery-1.11.3.min.js' type='text/javascript'></script><script src='javascript/fitnesse.js' type='text/javascript'></script></head><body><header><h2>HsacExamples.SlimTests.BrowserTests.ScriptTest</h2></header><article><br/><h1>Website testing using BrowserTest</h1>
<br/><br/>On this page we test whether we can find a nice house which is for sale in Utrecht, The Netherlands. <br/>We check whether they have not been changing the original asking price or its size in square meters. Furthermore we look at, and capture, the first three pictures<br/><br/>To do this we use a Slim script table<a title="create page" href="FitNesse.UserGuide.WritingAcceptanceTests.SliM.ScriptTable?edit&amp;nonExistent=true">[?]</a> driving the Java class BrowserTest (which uses Selenium).<br/>This class allows us to specify what we want to do using a web browser, by the (end user visible) texts on screen. We don't need to specify any HTML code or write any custom Java logic. By only using the texts visible on screen we only need to change the script if the site's interaction design changes, but not for changes in HTML structure, element naming or styling.<br/><br/>The configuration of Selenium (i.e. which browser to use) and starting the browser session is done in the SuiteSetup<a title="create page" href="HsacExamples.SlimTests.BrowserTests.SuiteSetup?edit&amp;nonExistent=true">[?]</a>. Which allows this configuration to be shared between tests. Closing the browser is done in <a href="HsacExamples.SlimTests.BrowserTests.SuiteTearDown">SuiteTearDown</a>, which happens after all tests are completed.<br/><br/><table>
	<tr class="slimRowTitle">
		<td>script</td>
		<td colspan="3">browser test <span class="error">org.openqa.selenium.UnsupportedCommandException: ERROR The test with session id 6d1bb600a0d04b888bc43268d1fc82a1 has already finished, and can't receive further commands.
You can learn more at https://saucelabs.com/jobs/6d1bb600a0d04b888bc43268d1fc82a1
For help, please check https://wiki.saucelabs.com/display/DOCS/Common+Error+Messages
Command duration or timeout: 77 milliseconds
Build info: version: '2.53.1', revision: 'a36b8b1cd5757287168e54b817830adce9b0158d', time: '2016-06-30 19:26:09'
System info: host: 'testing-docker-16bdec8c-f471-483c-ba31-51d7ca110ff3', ip: '172.17.0.9', os.name: 'Linux', os.arch: 'amd64', os.version: '4.8.12-040812-generic', java.version: '1.7.0_76'
Session ID: 6d1bb600a0d04b888bc43268d1fc82a1
Driver info: org.openqa.selenium.remote.RemoteWebDriver
Capabilities [{platform=XP, javascriptEnabled=true, acceptSslCerts=true, hasMetadata=true, browserName=chrome, chrome={userDataDir=C:\Users\ADMINI~1\AppData\Local\Temp\scoped_dir1872_22918, chromedriverVersion=2.24.417431 (9aea000394714d2fbb20850021f6204f2256b9cf)}, networkConnectionEnabled=false, rotatable=false, mobileEmulationEnabled=false, locationContextEnabled=true, webdriver.remote.sessionid=6d1bb600a0d04b888bc43268d1fc82a1, version=55.0.2883.75, pageLoadStrategy=normal, takesHeapSnapshot=true, cssSelectorsEnabled=true, databaseEnabled=false, handlesAlerts=true, browserConnectionEnabled=false, webStorageEnabled=true, nativeEvents=true, hasTouchScreen=false, applicationCacheEnabled=false, takesScreenshot=true}]</span></td>
	</tr>
	<tr class="slimRowColor4">
		<td>open <span class="error"><div>org.openqa.selenium.UnsupportedCommandException: ERROR The test with session id 6d1bb600a0d04b888bc43268d1fc82a1 has already finished, and can't receive further commands.<br/>You can learn more at https://saucelabs.com/jobs/6d1bb600a0d04b888bc43268d1fc82a1<br/>For help, please check https://wiki.saucelabs.com/display/DOCS/Common+Error+Messages<br/>Command duration or timeout: 76 milliseconds<br/>Build info: version: '2.53.1', revision: 'a36b8b1cd5757287168e54b817830adce9b0158d', time: '2016-06-30 19:26:09'<br/>System info: host: 'testing-docker-16bdec8c-f471-483c-ba31-51d7ca110ff3', ip: '172.17.0.9', os.name: 'Linux', os.arch: 'amd64', os.version: '4.8.12-040812-generic', java.version: '1.7.0_76'<br/>Session ID: 6d1bb600a0d04b888bc43268d1fc82a1<br/>Driver info: org.openqa.selenium.remote.RemoteWebDriver<br/>Capabilities [{platform=XP, javascriptEnabled=true, acceptSslCerts=true, hasMetadata=true, browserName=chrome, chrome={userDataDir=C:\Users\ADMINI~1\AppData\Local\Temp\scoped_dir1872_22918, chromedriverVersion=2.24.417431 (9aea000394714d2fbb20850021f6204f2256b9cf)}, networkConnectionEnabled=false, rotatable=false, mobileEmulationEnabled=false, locationContextEnabled=true, webdriver.remote.sessionid=6d1bb600a0d04b888bc43268d1fc82a1, version=55.0.2883.75, pageLoadStrategy=normal, takesHeapSnapshot=true, cssSelectorsEnabled=true, databaseEnabled=false, handlesAlerts=true, browserConnectionEnabled=false, webStorageEnabled=true, nativeEvents=true, hasTouchScreen=false, applicationCacheEnabled=false, takesScreenshot=true}]<br/>	at sun.reflect.NativeConstructorAccessorImpl.newInstance0(Native Method)<br/>	at sun.reflect.NativeConstructorAccessorImpl.newInstance(NativeConstructorAccessorImpl.java:57)<br/>	at sun.reflect.DelegatingConstructorAccessorImpl.newInstance(DelegatingConstructorAccessorImpl.java:45)<br/>	at java.lang.reflect.Constructor.newInstance(Constructor.java:526)<br/>	at org.openqa.selenium.remote.ErrorHandler.createThrowable(ErrorHandler.java:206)<br/>	at org.openqa.selenium.remote.ErrorHandler.throwIfResponseFailed(ErrorHandler.java:158)<br/>	at org.openqa.selenium.remote.RemoteWebDriver.execute(RemoteWebDriver.java:678)<br/>	at org.openqa.selenium.remote.RemoteWebDriver$RemoteTargetLocator.defaultContent(RemoteWebDriver.java:1039)<br/>	at nl.hsac.fitnesse.fixture.util.selenium.SeleniumHelper.switchToDefaultContent(SeleniumHelper.java:1238)<br/>	at nl.hsac.fitnesse.fixture.slim.web.BrowserTest.switchToDefaultContent(BrowserTest.java:393)<br/>	at nl.hsac.fitnesse.fixture.slim.web.BrowserTest.open(BrowserTest.java:181)<br/>	at sun.reflect.NativeMethodAccessorImpl.invoke0(Native Method)<br/>	at sun.reflect.NativeMethodAccessorImpl.invoke(NativeMethodAccessorImpl.java:57)<br/>	at sun.reflect.DelegatingMethodAccessorImpl.invoke(DelegatingMethodAccessorImpl.java:43)<br/>	at java.lang.reflect.Method.invoke(Method.java:606)<br/>	at fitnesse.slim.fixtureInteraction.DefaultInteraction.methodInvoke(DefaultInteraction.java:147)<br/>	at nl.hsac.fitnesse.fixture.slim.SlimFixture.invoke(SlimFixture.java:50)<br/>	at nl.hsac.fitnesse.fixture.slim.web.BrowserTest.superInvoke(BrowserTest.java:105)<br/>	at nl.hsac.fitnesse.fixture.slim.web.BrowserTest.invoke(BrowserTest.java:57)<br/>	at nl.hsac.fitnesse.fixture.slim.SlimFixture.aroundSlimInvoke(SlimFixture.java:30)<br/>	at sun.reflect.GeneratedMethodAccessor1.invoke(Unknown Source)<br/>	at sun.reflect.DelegatingMethodAccessorImpl.invoke(DelegatingMethodAccessorImpl.java:43)<br/>	at java.lang.reflect.Method.invoke(Method.java:606)<br/>	at fitnesse.slim.fixtureInteraction.DefaultInteraction.methodInvoke(DefaultInteraction.java:147)<br/>	at fitnesse.slim.fixtureInteraction.DefaultInteraction.callMethod(DefaultInteraction.java:130)<br/>	at fitnesse.slim.fixtureInteraction.DefaultInteraction.invokeMethod(DefaultInteraction.java:114)<br/>	at fitnesse.slim.fixtureInteraction.DefaultInteraction.findAndInvoke(DefaultInteraction.java:92)<br/>	at fitnesse.slim.MethodExecutor.findAndInvoke(MethodExecutor.java:18)<br/>	at fitnesse.slim.FixtureMethodExecutor.execute(FixtureMethodExecutor.java:18)<br/>	at fitnesse.slim.StatementExecutor.getMethodExecutionResult(StatementExecutor.java:130)<br/>	at fitnesse.slim.StatementExecutor.call(StatementExecutor.java:103)<br/>	at fitnesse.slim.instructions.CallInstruction.executeInternal(CallInstruction.java:35)<br/>	at fitnesse.slim.instructions.Instruction.execute(Instruction.java:29)<br/>	at fitnesse.slim.ListExecutor$Executive.executeStatement(ListExecutor.java:49)<br/>	at fitnesse.slim.ListExecutor$Executive.executeStatements(ListExecutor.java:43)<br/>	at fitnesse.slim.ListExecutor.execute(ListExecutor.java:85)<br/>	at fitnesse.slim.SlimServer.executeInstructions(SlimServer.java:82)<br/>	at fitnesse.slim.SlimServer.processOneSetOfInstructions(SlimServer.java:75)<br/>	at fitnesse.slim.SlimServer.tryProcessInstructions(SlimServer.java:62)<br/>	at fitnesse.slim.SlimServer.serve(SlimServer.java:47)<br/>	at fitnesse.testsystems.slim.InProcessSlimClient$1.run(InProcessSlimClient.java:53)<br/>	at java.lang.Thread.run(Thread.java:745)<br/></div></span></td>
		<td colspan="3"><a href="http://www.funda.nl">http://www.funda.nl</a></td>
	</tr>
	<tr class="slimRowColor0">
		<td>select <span class="error"><div>org.openqa.selenium.UnsupportedCommandException: ERROR The test with session id 6d1bb600a0d04b888bc43268d1fc82a1 has already finished, and can't receive further commands.<br/>You can learn more at https://saucelabs.com/jobs/6d1bb600a0d04b888bc43268d1fc82a1<br/>For help, please check https://wiki.saucelabs.com/display/DOCS/Common+Error+Messages<br/>Command duration or timeout: 76 milliseconds<br/>Build info: version: '2.53.1', revision: 'a36b8b1cd5757287168e54b817830adce9b0158d', time: '2016-06-30 19:26:09'<br/>System info: host: 'testing-docker-16bdec8c-f471-483c-ba31-51d7ca110ff3', ip: '172.17.0.9', os.name: 'Linux', os.arch: 'amd64', os.version: '4.8.12-040812-generic', java.version: '1.7.0_76'<br/>*** Element info: {Using=xpath, value=.//label/descendant-or-self::text()[normalize-space(translate(., '&nbsp;', ' '))='Van']/ancestor-or-self::label}<br/>Session ID: 6d1bb600a0d04b888bc43268d1fc82a1<br/>Driver info: org.openqa.selenium.remote.RemoteWebDriver<br/>Capabilities [{platform=XP, javascriptEnabled=true, acceptSslCerts=true, hasMetadata=true, browserName=chrome, chrome={userDataDir=C:\Users\ADMINI~1\AppData\Local\Temp\scoped_dir1872_22918, chromedriverVersion=2.24.417431 (9aea000394714d2fbb20850021f6204f2256b9cf)}, networkConnectionEnabled=false, rotatable=false, mobileEmulationEnabled=false, locationContextEnabled=true, webdriver.remote.sessionid=6d1bb600a0d04b888bc43268d1fc82a1, version=55.0.2883.75, pageLoadStrategy=normal, takesHeapSnapshot=true, cssSelectorsEnabled=true, databaseEnabled=false, handlesAlerts=true, browserConnectionEnabled=false, webStorageEnabled=true, nativeEvents=true, hasTouchScreen=false, applicationCacheEnabled=false, takesScreenshot=true}]<br/>	at sun.reflect.NativeConstructorAccessorImpl.newInstance0(Native Method)<br/>	at sun.reflect.NativeConstructorAccessorImpl.newInstance(NativeConstructorAccessorImpl.java:57)<br/>	at sun.reflect.DelegatingConstructorAccessorImpl.newInstance(DelegatingConstructorAccessorImpl.java:45)<br/>	at java.lang.reflect.Constructor.newInstance(Constructor.java:526)<br/>	at org.openqa.selenium.remote.ErrorHandler.createThrowable(ErrorHandler.java:206)<br/>	at org.openqa.selenium.remote.ErrorHandler.throwIfResponseFailed(ErrorHandler.java:158)<br/>	at org.openqa.selenium.remote.RemoteWebDriver.execute(RemoteWebDriver.java:678)<br/>	at org.openqa.selenium.remote.RemoteWebDriver.findElements(RemoteWebDriver.java:388)<br/>	at org.openqa.selenium.remote.RemoteWebDriver.findElementsByXPath(RemoteWebDriver.java:504)<br/>	at org.openqa.selenium.By$ByXPath.findElements(By.java:356)<br/>	at org.openqa.selenium.remote.RemoteWebDriver.findElements(RemoteWebDriver.java:351)<br/>	at nl.hsac.fitnesse.fixture.util.selenium.SeleniumHelper.findElement(SeleniumHelper.java:987)<br/>	at nl.hsac.fitnesse.fixture.util.selenium.SeleniumHelper.findElement(SeleniumHelper.java:829)<br/>	at nl.hsac.fitnesse.fixture.util.selenium.SeleniumHelper.findElement(SeleniumHelper.java:818)<br/>	at nl.hsac.fitnesse.fixture.util.selenium.SeleniumHelper.findByXPath(SeleniumHelper.java:809)<br/>	at nl.hsac.fitnesse.fixture.util.selenium.SeleniumHelper.getElementByLabel(SeleniumHelper.java:457)<br/>	at nl.hsac.fitnesse.fixture.util.selenium.SeleniumHelper.getElementByLabelOccurrence(SeleniumHelper.java:412)<br/>	at nl.hsac.fitnesse.fixture.util.selenium.SeleniumHelper.getElementExact(SeleniumHelper.java:292)<br/>	at nl.hsac.fitnesse.fixture.util.selenium.SeleniumHelper.getElement(SeleniumHelper.java:258)<br/>	at nl.hsac.fitnesse.fixture.slim.web.BrowserTest.getElement(BrowserTest.java:1226)<br/>	at nl.hsac.fitnesse.fixture.slim.web.BrowserTest.getElement(BrowserTest.java:1220)<br/>	at nl.hsac.fitnesse.fixture.slim.web.BrowserTest.getElementToSelectFor(BrowserTest.java:639)<br/>	at nl.hsac.fitnesse.fixture.slim.web.BrowserTest.clickSelectOption(BrowserTest.java:634)<br/>	at nl.hsac.fitnesse.fixture.slim.web.BrowserTest.selectForIn(BrowserTest.java:617)<br/>	at nl.hsac.fitnesse.fixture.slim.web.BrowserTest.selectFor(BrowserTest.java:609)<br/>	at sun.reflect.GeneratedMethodAccessor10.invoke(Unknown Source)<br/>	at sun.reflect.DelegatingMethodAccessorImpl.invoke(DelegatingMethodAccessorImpl.java:43)<br/>	at java.lang.reflect.Method.invoke(Method.java:606)<br/>	at fitnesse.slim.fixtureInteraction.DefaultInteraction.methodInvoke(DefaultInteraction.java:147)<br/>	at nl.hsac.fitnesse.fixture.slim.SlimFixture.invoke(SlimFixture.java:50)<br/>	at nl.hsac.fitnesse.fixture.slim.web.BrowserTest.superInvoke(BrowserTest.java:105)<br/>	at nl.hsac.fitnesse.fixture.slim.web.BrowserTest$1.apply(BrowserTest.java:69)<br/>	at nl.hsac.fitnesse.fixture.slim.web.BrowserTest$1.apply(BrowserTest.java:65)<br/>	at nl.hsac.fitnesse.fixture.util.selenium.TryAllFramesConditionDecorator.apply(TryAllFramesConditionDecorator.java:34)<br/>	at nl.hsac.fitnesse.fixture.util.selenium.TryAllFramesConditionDecorator.apply(TryAllFramesConditionDecorator.java:16)<br/>	at nl.hsac.fitnesse.fixture.util.selenium.SeleniumHelper$2.apply(SeleniumHelper.java:956)<br/>	at nl.hsac.fitnesse.fixture.util.selenium.SeleniumHelper$2.apply(SeleniumHelper.java:952)<br/>	at org.openqa.selenium.support.ui.FluentWait.until(FluentWait.java:238)<br/>	at nl.hsac.fitnesse.fixture.util.selenium.SeleniumHelper.waitUntil(SeleniumHelper.java:941)<br/>	at nl.hsac.fitnesse.fixture.slim.web.BrowserTest.waitUntilImpl(BrowserTest.java:1733)<br/>	at nl.hsac.fitnesse.fixture.slim.web.BrowserTest.waitUntil(BrowserTest.java:1663)<br/>	at nl.hsac.fitnesse.fixture.slim.web.BrowserTest.invokedWrappedInWaitUntil(BrowserTest.java:98)<br/>	at nl.hsac.fitnesse.fixture.slim.web.BrowserTest.invoke(BrowserTest.java:59)<br/>	at nl.hsac.fitnesse.fixture.slim.SlimFixture.aroundSlimInvoke(SlimFixture.java:30)<br/>	at sun.reflect.GeneratedMethodAccessor1.invoke(Unknown Source)<br/>	at sun.reflect.DelegatingMethodAccessorImpl.invoke(DelegatingMethodAccessorImpl.java:43)<br/>	at java.lang.reflect.Method.invoke(Method.java:606)<br/>	at fitnesse.slim.fixtureInteraction.DefaultInteraction.methodInvoke(DefaultInteraction.java:147)<br/>	at fitnesse.slim.fixtureInteraction.DefaultInteraction.callMethod(DefaultInteraction.java:130)<br/>	at fitnesse.slim.fixtureInteraction.DefaultInteraction.invokeMethod(DefaultInteraction.java:114)<br/>	at fitnesse.slim.fixtureInteraction.DefaultInteraction.findAndInvoke(DefaultInteraction.java:92)<br/>	at fitnesse.slim.MethodExecutor.findAndInvoke(MethodExecutor.java:18)<br/>	at fitnesse.slim.FixtureMethodExecutor.execute(FixtureMethodExecutor.java:18)<br/>	at fitnesse.slim.StatementExecutor.getMethodExecutionResult(StatementExecutor.java:130)<br/>	at fitnesse.slim.StatementExecutor.call(StatementExecutor.java:103)<br/>	at fitnesse.slim.instructions.CallInstruction.executeInternal(CallInstruction.java:35)<br/>	at fitnesse.slim.instructions.Instruction.execute(Instruction.java:29)<br/>	at fitnesse.slim.ListExecutor$Executive.executeStatement(ListExecutor.java:49)<br/>	at fitnesse.slim.ListExecutor$Executive.executeStatements(ListExecutor.java:43)<br/>	at fitnesse.slim.ListExecutor.execute(ListExecutor.java:85)<br/>	at fitnesse.slim.SlimServer.executeInstructions(SlimServer.java:82)<br/>	at fitnesse.slim.SlimServer.processOneSetOfInstructions(SlimServer.java:75)<br/>	at fitnesse.slim.SlimServer.tryProcessInstructions(SlimServer.java:62)<br/>	at fitnesse.slim.SlimServer.serve(SlimServer.java:47)<br/>	at fitnesse.testsystems.slim.InProcessSlimClient$1.run(InProcessSlimClient.java:53)<br/>	at java.lang.Thread.run(Thread.java:745)<br/></div></span></td>
		<td>€ 1.000.000</td>
		<td>for</td>
		<td>Van</td>
	</tr>
	<tr class="slimRowColor0">
		<td>select <span class="error"><div>org.openqa.selenium.UnsupportedCommandException: ERROR The test with session id 6d1bb600a0d04b888bc43268d1fc82a1 has already finished, and can't receive further commands.<br/>You can learn more at https://saucelabs.com/jobs/6d1bb600a0d04b888bc43268d1fc82a1<br/>For help, please check https://wiki.saucelabs.com/display/DOCS/Common+Error+Messages<br/>Command duration or timeout: 79 milliseconds<br/>Build info: version: '2.53.1', revision: 'a36b8b1cd5757287168e54b817830adce9b0158d', time: '2016-06-30 19:26:09'<br/>System info: host: 'testing-docker-16bdec8c-f471-483c-ba31-51d7ca110ff3', ip: '172.17.0.9', os.name: 'Linux', os.arch: 'amd64', os.version: '4.8.12-040812-generic', java.version: '1.7.0_76'<br/>*** Element info: {Using=xpath, value=.//label/descendant-or-self::text()[normalize-space(translate(., '&nbsp;', ' '))='Tot']/ancestor-or-self::label}<br/>Session ID: 6d1bb600a0d04b888bc43268d1fc82a1<br/>Driver info: org.openqa.selenium.remote.RemoteWebDriver<br/>Capabilities [{platform=XP, javascriptEnabled=true, acceptSslCerts=true, hasMetadata=true, browserName=chrome, chrome={userDataDir=C:\Users\ADMINI~1\AppData\Local\Temp\scoped_dir1872_22918, chromedriverVersion=2.24.417431 (9aea000394714d2fbb20850021f6204f2256b9cf)}, networkConnectionEnabled=false, rotatable=false, mobileEmulationEnabled=false, locationContextEnabled=true, webdriver.remote.sessionid=6d1bb600a0d04b888bc43268d1fc82a1, version=55.0.2883.75, pageLoadStrategy=normal, takesHeapSnapshot=true, cssSelectorsEnabled=true, databaseEnabled=false, handlesAlerts=true, browserConnectionEnabled=false, webStorageEnabled=true, nativeEvents=true, hasTouchScreen=false, applicationCacheEnabled=false, takesScreenshot=true}]<br/>	at sun.reflect.NativeConstructorAccessorImpl.newInstance0(Native Method)<br/>	at sun.reflect.NativeConstructorAccessorImpl.newInstance(NativeConstructorAccessorImpl.java:57)<br/>	at sun.reflect.DelegatingConstructorAccessorImpl.newInstance(DelegatingConstructorAccessorImpl.java:45)<br/>	at java.lang.reflect.Constructor.newInstance(Constructor.java:526)<br/>	at org.openqa.selenium.remote.ErrorHandler.createThrowable(ErrorHandler.java:206)<br/>	at org.openqa.selenium.remote.ErrorHandler.throwIfResponseFailed(ErrorHandler.java:158)<br/>	at org.openqa.selenium.remote.RemoteWebDriver.execute(RemoteWebDriver.java:678)<br/>	at org.openqa.selenium.remote.RemoteWebDriver.findElements(RemoteWebDriver.java:388)<br/>	at org.openqa.selenium.remote.RemoteWebDriver.findElementsByXPath(RemoteWebDriver.java:504)<br/>	at org.openqa.selenium.By$ByXPath.findElements(By.java:356)<br/>	at org.openqa.selenium.remote.RemoteWebDriver.findElements(RemoteWebDriver.java:351)<br/>	at nl.hsac.fitnesse.fixture.util.selenium.SeleniumHelper.findElement(SeleniumHelper.java:987)<br/>	at nl.hsac.fitnesse.fixture.util.selenium.SeleniumHelper.findElement(SeleniumHelper.java:829)<br/>	at nl.hsac.fitnesse.fixture.util.selenium.SeleniumHelper.findElement(SeleniumHelper.java:818)<br/>	at nl.hsac.fitnesse.fixture.util.selenium.SeleniumHelper.findByXPath(SeleniumHelper.java:809)<br/>	at nl.hsac.fitnesse.fixture.util.selenium.SeleniumHelper.getElementByLabel(SeleniumHelper.java:457)<br/>	at nl.hsac.fitnesse.fixture.util.selenium.SeleniumHelper.getElementByLabelOccurrence(SeleniumHelper.java:412)<br/>	at nl.hsac.fitnesse.fixture.util.selenium.SeleniumHelper.getElementExact(SeleniumHelper.java:292)<br/>	at nl.hsac.fitnesse.fixture.util.selenium.SeleniumHelper.getElement(SeleniumHelper.java:258)<br/>	at nl.hsac.fitnesse.fixture.slim.web.BrowserTest.getElement(BrowserTest.java:1226)<br/>	at nl.hsac.fitnesse.fixture.slim.web.BrowserTest.getElement(BrowserTest.java:1220)<br/>	at nl.hsac.fitnesse.fixture.slim.web.BrowserTest.getElementToSelectFor(BrowserTest.java:639)<br/>	at nl.hsac.fitnesse.fixture.slim.web.BrowserTest.clickSelectOption(BrowserTest.java:634)<br/>	at nl.hsac.fitnesse.fixture.slim.web.BrowserTest.selectForIn(BrowserTest.java:617)<br/>	at nl.hsac.fitnesse.fixture.slim.web.BrowserTest.selectFor(BrowserTest.java:609)<br/>	at sun.reflect.GeneratedMethodAccessor10.invoke(Unknown Source)<br/>	at sun.reflect.DelegatingMethodAccessorImpl.invoke(DelegatingMethodAccessorImpl.java:43)<br/>	at java.lang.reflect.Method.invoke(Method.java:606)<br/>	at fitnesse.slim.fixtureInteraction.DefaultInteraction.methodInvoke(DefaultInteraction.java:147)<br/>	at nl.hsac.fitnesse.fixture.slim.SlimFixture.invoke(SlimFixture.java:50)<br/>	at nl.hsac.fitnesse.fixture.slim.web.BrowserTest.superInvoke(BrowserTest.java:105)<br/>	at nl.hsac.fitnesse.fixture.slim.web.BrowserTest$1.apply(BrowserTest.java:69)<br/>	at nl.hsac.fitnesse.fixture.slim.web.BrowserTest$1.apply(BrowserTest.java:65)<br/>	at nl.hsac.fitnesse.fixture.util.selenium.TryAllFramesConditionDecorator.apply(TryAllFramesConditionDecorator.java:34)<br/>	at nl.hsac.fitnesse.fixture.util.selenium.TryAllFramesConditionDecorator.apply(TryAllFramesConditionDecorator.java:16)<br/>	at nl.hsac.fitnesse.fixture.util.selenium.SeleniumHelper$2.apply(SeleniumHelper.java:956)<br/>	at nl.hsac.fitnesse.fixture.util.selenium.SeleniumHelper$2.apply(SeleniumHelper.java:952)<br/>	at org.openqa.selenium.support.ui.FluentWait.until(FluentWait.java:238)<br/>	at nl.hsac.fitnesse.fixture.util.selenium.SeleniumHelper.waitUntil(SeleniumHelper.java:941)<br/>	at nl.hsac.fitnesse.fixture.slim.web.BrowserTest.waitUntilImpl(BrowserTest.java:1733)<br/>	at nl.hsac.fitnesse.fixture.slim.web.BrowserTest.waitUntil(BrowserTest.java:1663)<br/>	at nl.hsac.fitnesse.fixture.slim.web.BrowserTest.invokedWrappedInWaitUntil(BrowserTest.java:98)<br/>	at nl.hsac.fitnesse.fixture.slim.web.BrowserTest.invoke(BrowserTest.java:59)<br/>	at nl.hsac.fitnesse.fixture.slim.SlimFixture.aroundSlimInvoke(SlimFixture.java:30)<br/>	at sun.reflect.GeneratedMethodAccessor1.invoke(Unknown Source)<br/>	at sun.reflect.DelegatingMethodAccessorImpl.invoke(DelegatingMethodAccessorImpl.java:43)<br/>	at java.lang.reflect.Method.invoke(Method.java:606)<br/>	at fitnesse.slim.fixtureInteraction.DefaultInteraction.methodInvoke(DefaultInteraction.java:147)<br/>	at fitnesse.slim.fixtureInteraction.DefaultInteraction.callMethod(DefaultInteraction.java:130)<br/>	at fitnesse.slim.fixtureInteraction.DefaultInteraction.invokeMethod(DefaultInteraction.java:114)<br/>	at fitnesse.slim.fixtureInteraction.DefaultInteraction.findAndInvoke(DefaultInteraction.java:92)<br/>	at fitnesse.slim.MethodExecutor.findAndInvoke(MethodExecutor.java:18)<br/>	at fitnesse.slim.FixtureMethodExecutor.execute(FixtureMethodExecutor.java:18)<br/>	at fitnesse.slim.StatementExecutor.getMethodExecutionResult(StatementExecutor.java:130)<br/>	at fitnesse.slim.StatementExecutor.call(StatementExecutor.java:103)<br/>	at fitnesse.slim.instructions.CallInstruction.executeInternal(CallInstruction.java:35)<br/>	at fitnesse.slim.instructions.Instruction.execute(Instruction.java:29)<br/>	at fitnesse.slim.ListExecutor$Executive.executeStatement(ListExecutor.java:49)<br/>	at fitnesse.slim.ListExecutor$Executive.executeStatements(ListExecutor.java:43)<br/>	at fitnesse.slim.ListExecutor.execute(ListExecutor.java:85)<br/>	at fitnesse.slim.SlimServer.executeInstructions(SlimServer.java:82)<br/>	at fitnesse.slim.SlimServer.processOneSetOfInstructions(SlimServer.java:75)<br/>	at fitnesse.slim.SlimServer.tryProcessInstructions(SlimServer.java:62)<br/>	at fitnesse.slim.SlimServer.serve(SlimServer.java:47)<br/>	at fitnesse.testsystems.slim.InProcessSlimClient$1.run(InProcessSlimClient.java:53)<br/>	at java.lang.Thread.run(Thread.java:745)<br/></div></span></td>
		<td>€ 2.000.000</td>
		<td>for</td>
		<td>Tot</td>
	</tr>
	<tr class="slimRowColor2">
		<td>enter <span class="error"><div>org.openqa.selenium.UnsupportedCommandException: ERROR The test with session id 6d1bb600a0d04b888bc43268d1fc82a1 has already finished, and can't receive further commands.<br/>You can learn more at https://saucelabs.com/jobs/6d1bb600a0d04b888bc43268d1fc82a1<br/>For help, please check https://wiki.saucelabs.com/display/DOCS/Common+Error+Messages<br/>Command duration or timeout: 76 milliseconds<br/>Build info: version: '2.53.1', revision: 'a36b8b1cd5757287168e54b817830adce9b0158d', time: '2016-06-30 19:26:09'<br/>System info: host: 'testing-docker-16bdec8c-f471-483c-ba31-51d7ca110ff3', ip: '172.17.0.9', os.name: 'Linux', os.arch: 'amd64', os.version: '4.8.12-040812-generic', java.version: '1.7.0_76'<br/>*** Element info: {Using=xpath, value=.//label/descendant-or-self::text()[normalize-space(translate(., '&nbsp;', ' '))='Plaats, buurt, adres etc']/ancestor-or-self::label}<br/>Session ID: 6d1bb600a0d04b888bc43268d1fc82a1<br/>Driver info: org.openqa.selenium.remote.RemoteWebDriver<br/>Capabilities [{platform=XP, javascriptEnabled=true, acceptSslCerts=true, hasMetadata=true, browserName=chrome, chrome={userDataDir=C:\Users\ADMINI~1\AppData\Local\Temp\scoped_dir1872_22918, chromedriverVersion=2.24.417431 (9aea000394714d2fbb20850021f6204f2256b9cf)}, networkConnectionEnabled=false, rotatable=false, mobileEmulationEnabled=false, locationContextEnabled=true, webdriver.remote.sessionid=6d1bb600a0d04b888bc43268d1fc82a1, version=55.0.2883.75, pageLoadStrategy=normal, takesHeapSnapshot=true, cssSelectorsEnabled=true, databaseEnabled=false, handlesAlerts=true, browserConnectionEnabled=false, webStorageEnabled=true, nativeEvents=true, hasTouchScreen=false, applicationCacheEnabled=false, takesScreenshot=true}]<br/>	at sun.reflect.GeneratedConstructorAccessor15.newInstance(Unknown Source)<br/>	at sun.reflect.DelegatingConstructorAccessorImpl.newInstance(DelegatingConstructorAccessorImpl.java:45)<br/>	at java.lang.reflect.Constructor.newInstance(Constructor.java:526)<br/>	at org.openqa.selenium.remote.ErrorHandler.createThrowable(ErrorHandler.java:206)<br/>	at org.openqa.selenium.remote.ErrorHandler.throwIfResponseFailed(ErrorHandler.java:158)<br/>	at org.openqa.selenium.remote.RemoteWebDriver.execute(RemoteWebDriver.java:678)<br/>	at org.openqa.selenium.remote.RemoteWebDriver.findElements(RemoteWebDriver.java:388)<br/>	at org.openqa.selenium.remote.RemoteWebDriver.findElementsByXPath(RemoteWebDriver.java:504)<br/>	at org.openqa.selenium.By$ByXPath.findElements(By.java:356)<br/>	at org.openqa.selenium.remote.RemoteWebDriver.findElements(RemoteWebDriver.java:351)<br/>	at nl.hsac.fitnesse.fixture.util.selenium.SeleniumHelper.findElement(SeleniumHelper.java:987)<br/>	at nl.hsac.fitnesse.fixture.util.selenium.SeleniumHelper.findElement(SeleniumHelper.java:829)<br/>	at nl.hsac.fitnesse.fixture.util.selenium.SeleniumHelper.findElement(SeleniumHelper.java:818)<br/>	at nl.hsac.fitnesse.fixture.util.selenium.SeleniumHelper.findByXPath(SeleniumHelper.java:809)<br/>	at nl.hsac.fitnesse.fixture.util.selenium.SeleniumHelper.getElementByLabel(SeleniumHelper.java:457)<br/>	at nl.hsac.fitnesse.fixture.util.selenium.SeleniumHelper.getElementByLabelOccurrence(SeleniumHelper.java:412)<br/>	at nl.hsac.fitnesse.fixture.util.selenium.SeleniumHelper.getElementExact(SeleniumHelper.java:292)<br/>	at nl.hsac.fitnesse.fixture.util.selenium.SeleniumHelper.getElement(SeleniumHelper.java:258)<br/>	at nl.hsac.fitnesse.fixture.slim.web.BrowserTest.getElement(BrowserTest.java:1226)<br/>	at nl.hsac.fitnesse.fixture.slim.web.BrowserTest.getElementToSendValue(BrowserTest.java:503)<br/>	at nl.hsac.fitnesse.fixture.slim.web.BrowserTest.enter(BrowserTest.java:487)<br/>	at nl.hsac.fitnesse.fixture.slim.web.BrowserTest.enterAsIn(BrowserTest.java:456)<br/>	at nl.hsac.fitnesse.fixture.slim.web.BrowserTest.enterAs(BrowserTest.java:444)<br/>	at sun.reflect.GeneratedMethodAccessor6.invoke(Unknown Source)<br/>	at sun.reflect.DelegatingMethodAccessorImpl.invoke(DelegatingMethodAccessorImpl.java:43)<br/>	at java.lang.reflect.Method.invoke(Method.java:606)<br/>	at fitnesse.slim.fixtureInteraction.DefaultInteraction.methodInvoke(DefaultInteraction.java:147)<br/>	at nl.hsac.fitnesse.fixture.slim.SlimFixture.invoke(SlimFixture.java:50)<br/>	at nl.hsac.fitnesse.fixture.slim.web.BrowserTest.superInvoke(BrowserTest.java:105)<br/>	at nl.hsac.fitnesse.fixture.slim.web.BrowserTest$1.apply(BrowserTest.java:69)<br/>	at nl.hsac.fitnesse.fixture.slim.web.BrowserTest$1.apply(BrowserTest.java:65)<br/>	at nl.hsac.fitnesse.fixture.util.selenium.TryAllFramesConditionDecorator.apply(TryAllFramesConditionDecorator.java:34)<br/>	at nl.hsac.fitnesse.fixture.util.selenium.TryAllFramesConditionDecorator.apply(TryAllFramesConditionDecorator.java:16)<br/>	at nl.hsac.fitnesse.fixture.util.selenium.SeleniumHelper$2.apply(SeleniumHelper.java:956)<br/>	at nl.hsac.fitnesse.fixture.util.selenium.SeleniumHelper$2.apply(SeleniumHelper.java:952)<br/>	at org.openqa.selenium.support.ui.FluentWait.until(FluentWait.java:238)<br/>	at nl.hsac.fitnesse.fixture.util.selenium.SeleniumHelper.waitUntil(SeleniumHelper.java:941)<br/>	at nl.hsac.fitnesse.fixture.slim.web.BrowserTest.waitUntilImpl(BrowserTest.java:1733)<br/>	at nl.hsac.fitnesse.fixture.slim.web.BrowserTest.waitUntil(BrowserTest.java:1663)<br/>	at nl.hsac.fitnesse.fixture.slim.web.BrowserTest.invokedWrappedInWaitUntil(BrowserTest.java:98)<br/>	at nl.hsac.fitnesse.fixture.slim.web.BrowserTest.invoke(BrowserTest.java:59)<br/>	at nl.hsac.fitnesse.fixture.slim.SlimFixture.aroundSlimInvoke(SlimFixture.java:30)<br/>	at sun.reflect.GeneratedMethodAccessor1.invoke(Unknown Source)<br/>	at sun.reflect.DelegatingMethodAccessorImpl.invoke(DelegatingMethodAccessorImpl.java:43)<br/>	at java.lang.reflect.Method.invoke(Method.java:606)<br/>	at fitnesse.slim.fixtureInteraction.DefaultInteraction.methodInvoke(DefaultInteraction.java:147)<br/>	at fitnesse.slim.fixtureInteraction.DefaultInteraction.callMethod(DefaultInteraction.java:130)<br/>	at fitnesse.slim.fixtureInteraction.DefaultInteraction.invokeMethod(DefaultInteraction.java:114)<br/>	at fitnesse.slim.fixtureInteraction.DefaultInteraction.findAndInvoke(DefaultInteraction.java:92)<br/>	at fitnesse.slim.MethodExecutor.findAndInvoke(MethodExecutor.java:18)<br/>	at fitnesse.slim.FixtureMethodExecutor.execute(FixtureMethodExecutor.java:18)<br/>	at fitnesse.slim.StatementExecutor.getMethodExecutionResult(StatementExecutor.java:130)<br/>	at fitnesse.slim.StatementExecutor.call(StatementExecutor.java:103)<br/>	at fitnesse.slim.instructions.CallInstruction.executeInternal(CallInstruction.java:35)<br/>	at fitnesse.slim.instructions.Instruction.execute(Instruction.java:29)<br/>	at fitnesse.slim.ListExecutor$Executive.executeStatement(ListExecutor.java:49)<br/>	at fitnesse.slim.ListExecutor$Executive.executeStatements(ListExecutor.java:43)<br/>	at fitnesse.slim.ListExecutor.execute(ListExecutor.java:85)<br/>	at fitnesse.slim.SlimServer.executeInstructions(SlimServer.java:82)<br/>	at fitnesse.slim.SlimServer.processOneSetOfInstructions(SlimServer.java:75)<br/>	at fitnesse.slim.SlimServer.tryProcessInstructions(SlimServer.java:62)<br/>	at fitnesse.slim.SlimServer.serve(SlimServer.java:47)<br/>	at fitnesse.testsystems.slim.InProcessSlimClient$1.run(InProcessSlimClient.java:53)<br/>	at java.lang.Thread.run(Thread.java:745)<br/></div></span></td>
		<td>Wittevrouwensingel, Utrecht</td>
		<td>as</td>
		<td>Plaats, buurt, adres etc</td>
	</tr>
	<tr class="slimRowColor8">
		<td>note</td>
		<td colspan="3">select option from autocomplete</td>
	</tr>
	<tr class="slimRowColor7">
		<td><span class="pass">wait</span></td>
		<td>1</td>
		<td colspan="2">seconds</td>
	</tr>
	<tr class="slimRowColor7">
		<td>press <span class="error"><div>org.openqa.selenium.UnsupportedCommandException: ERROR The test with session id 6d1bb600a0d04b888bc43268d1fc82a1 has already finished, and can't receive further commands.<br/>You can learn more at https://saucelabs.com/jobs/6d1bb600a0d04b888bc43268d1fc82a1<br/>For help, please check https://wiki.saucelabs.com/display/DOCS/Common+Error+Messages<br/>Command duration or timeout: 78 milliseconds<br/>Build info: version: '2.53.1', revision: 'a36b8b1cd5757287168e54b817830adce9b0158d', time: '2016-06-30 19:26:09'<br/>System info: host: 'testing-docker-16bdec8c-f471-483c-ba31-51d7ca110ff3', ip: '172.17.0.9', os.name: 'Linux', os.arch: 'amd64', os.version: '4.8.12-040812-generic', java.version: '1.7.0_76'<br/>Session ID: 6d1bb600a0d04b888bc43268d1fc82a1<br/>Driver info: org.openqa.selenium.remote.RemoteWebDriver<br/>Capabilities [{platform=XP, javascriptEnabled=true, acceptSslCerts=true, hasMetadata=true, browserName=chrome, chrome={userDataDir=C:\Users\ADMINI~1\AppData\Local\Temp\scoped_dir1872_22918, chromedriverVersion=2.24.417431 (9aea000394714d2fbb20850021f6204f2256b9cf)}, networkConnectionEnabled=false, rotatable=false, mobileEmulationEnabled=false, locationContextEnabled=true, webdriver.remote.sessionid=6d1bb600a0d04b888bc43268d1fc82a1, version=55.0.2883.75, pageLoadStrategy=normal, takesHeapSnapshot=true, cssSelectorsEnabled=true, databaseEnabled=false, handlesAlerts=true, browserConnectionEnabled=false, webStorageEnabled=true, nativeEvents=true, hasTouchScreen=false, applicationCacheEnabled=false, takesScreenshot=true}]<br/>	at sun.reflect.GeneratedConstructorAccessor15.newInstance(Unknown Source)<br/>	at sun.reflect.DelegatingConstructorAccessorImpl.newInstance(DelegatingConstructorAccessorImpl.java:45)<br/>	at java.lang.reflect.Constructor.newInstance(Constructor.java:526)<br/>	at org.openqa.selenium.remote.ErrorHandler.createThrowable(ErrorHandler.java:206)<br/>	at org.openqa.selenium.remote.ErrorHandler.throwIfResponseFailed(ErrorHandler.java:158)<br/>	at org.openqa.selenium.remote.RemoteWebDriver.execute(RemoteWebDriver.java:678)<br/>	at org.openqa.selenium.remote.RemoteWebDriver.execute(RemoteWebDriver.java:701)<br/>	at org.openqa.selenium.remote.RemoteWebDriver$RemoteTargetLocator.activeElement(RemoteWebDriver.java:1044)<br/>	at nl.hsac.fitnesse.fixture.util.selenium.SeleniumHelper.getActiveElement(SeleniumHelper.java:798)<br/>	at nl.hsac.fitnesse.fixture.slim.web.BrowserTest.sendKeysToActiveElement(BrowserTest.java:582)<br/>	at nl.hsac.fitnesse.fixture.slim.web.BrowserTest.press(BrowserTest.java:562)<br/>	at sun.reflect.NativeMethodAccessorImpl.invoke0(Native Method)<br/>	at sun.reflect.NativeMethodAccessorImpl.invoke(NativeMethodAccessorImpl.java:57)<br/>	at sun.reflect.DelegatingMethodAccessorImpl.invoke(DelegatingMethodAccessorImpl.java:43)<br/>	at java.lang.reflect.Method.invoke(Method.java:606)<br/>	at fitnesse.slim.fixtureInteraction.DefaultInteraction.methodInvoke(DefaultInteraction.java:147)<br/>	at nl.hsac.fitnesse.fixture.slim.SlimFixture.invoke(SlimFixture.java:50)<br/>	at nl.hsac.fitnesse.fixture.slim.web.BrowserTest.superInvoke(BrowserTest.java:105)<br/>	at nl.hsac.fitnesse.fixture.slim.web.BrowserTest.invoke(BrowserTest.java:57)<br/>	at nl.hsac.fitnesse.fixture.slim.SlimFixture.aroundSlimInvoke(SlimFixture.java:30)<br/>	at sun.reflect.GeneratedMethodAccessor1.invoke(Unknown Source)<br/>	at sun.reflect.DelegatingMethodAccessorImpl.invoke(DelegatingMethodAccessorImpl.java:43)<br/>	at java.lang.reflect.Method.invoke(Method.java:606)<br/>	at fitnesse.slim.fixtureInteraction.DefaultInteraction.methodInvoke(DefaultInteraction.java:147)<br/>	at fitnesse.slim.fixtureInteraction.DefaultInteraction.callMethod(DefaultInteraction.java:130)<br/>	at fitnesse.slim.fixtureInteraction.DefaultInteraction.invokeMethod(DefaultInteraction.java:114)<br/>	at fitnesse.slim.fixtureInteraction.DefaultInteraction.findAndInvoke(DefaultInteraction.java:92)<br/>	at fitnesse.slim.MethodExecutor.findAndInvoke(MethodExecutor.java:18)<br/>	at fitnesse.slim.FixtureMethodExecutor.execute(FixtureMethodExecutor.java:18)<br/>	at fitnesse.slim.StatementExecutor.getMethodExecutionResult(StatementExecutor.java:130)<br/>	at fitnesse.slim.StatementExecutor.call(StatementExecutor.java:103)<br/>	at fitnesse.slim.instructions.CallInstruction.executeInternal(CallInstruction.java:35)<br/>	at fitnesse.slim.instructions.Instruction.execute(Instruction.java:29)<br/>	at fitnesse.slim.ListExecutor$Executive.executeStatement(ListExecutor.java:49)<br/>	at fitnesse.slim.ListExecutor$Executive.executeStatements(ListExecutor.java:43)<br/>	at fitnesse.slim.ListExecutor.execute(ListExecutor.java:85)<br/>	at fitnesse.slim.SlimServer.executeInstructions(SlimServer.java:82)<br/>	at fitnesse.slim.SlimServer.processOneSetOfInstructions(SlimServer.java:75)<br/>	at fitnesse.slim.SlimServer.tryProcessInstructions(SlimServer.java:62)<br/>	at fitnesse.slim.SlimServer.serve(SlimServer.java:47)<br/>	at fitnesse.testsystems.slim.InProcessSlimClient$1.run(InProcessSlimClient.java:53)<br/>	at java.lang.Thread.run(Thread.java:745)<br/></div></span></td>
		<td colspan="3">down</td>
	</tr>
	<tr class="slimRowColor7">
		<td>press <span class="error"><div>org.openqa.selenium.UnsupportedCommandException: ERROR The test with session id 6d1bb600a0d04b888bc43268d1fc82a1 has already finished, and can't receive further commands.<br/>You can learn more at https://saucelabs.com/jobs/6d1bb600a0d04b888bc43268d1fc82a1<br/>For help, please check https://wiki.saucelabs.com/display/DOCS/Common+Error+Messages<br/>Command duration or timeout: 77 milliseconds<br/>Build info: version: '2.53.1', revision: 'a36b8b1cd5757287168e54b817830adce9b0158d', time: '2016-06-30 19:26:09'<br/>System info: host: 'testing-docker-16bdec8c-f471-483c-ba31-51d7ca110ff3', ip: '172.17.0.9', os.name: 'Linux', os.arch: 'amd64', os.version: '4.8.12-040812-generic', java.version: '1.7.0_76'<br/>Session ID: 6d1bb600a0d04b888bc43268d1fc82a1<br/>Driver info: org.openqa.selenium.remote.RemoteWebDriver<br/>Capabilities [{platform=XP, javascriptEnabled=true, acceptSslCerts=true, hasMetadata=true, browserName=chrome, chrome={userDataDir=C:\Users\ADMINI~1\AppData\Local\Temp\scoped_dir1872_22918, chromedriverVersion=2.24.417431 (9aea000394714d2fbb20850021f6204f2256b9cf)}, networkConnectionEnabled=false, rotatable=false, mobileEmulationEnabled=false, locationContextEnabled=true, webdriver.remote.sessionid=6d1bb600a0d04b888bc43268d1fc82a1, version=55.0.2883.75, pageLoadStrategy=normal, takesHeapSnapshot=true, cssSelectorsEnabled=true, databaseEnabled=false, handlesAlerts=true, browserConnectionEnabled=false, webStorageEnabled=true, nativeEvents=true, hasTouchScreen=false, applicationCacheEnabled=false, takesScreenshot=true}]<br/>	at sun.reflect.GeneratedConstructorAccessor15.newInstance(Unknown Source)<br/>	at sun.reflect.DelegatingConstructorAccessorImpl.newInstance(DelegatingConstructorAccessorImpl.java:45)<br/>	at java.lang.reflect.Constructor.newInstance(Constructor.java:526)<br/>	at org.openqa.selenium.remote.ErrorHandler.createThrowable(ErrorHandler.java:206)<br/>	at org.openqa.selenium.remote.ErrorHandler.throwIfResponseFailed(ErrorHandler.java:158)<br/>	at org.openqa.selenium.remote.RemoteWebDriver.execute(RemoteWebDriver.java:678)<br/>	at org.openqa.selenium.remote.RemoteWebDriver.execute(RemoteWebDriver.java:701)<br/>	at org.openqa.selenium.remote.RemoteWebDriver$RemoteTargetLocator.activeElement(RemoteWebDriver.java:1044)<br/>	at nl.hsac.fitnesse.fixture.util.selenium.SeleniumHelper.getActiveElement(SeleniumHelper.java:798)<br/>	at nl.hsac.fitnesse.fixture.slim.web.BrowserTest.sendKeysToActiveElement(BrowserTest.java:582)<br/>	at nl.hsac.fitnesse.fixture.slim.web.BrowserTest.press(BrowserTest.java:562)<br/>	at sun.reflect.NativeMethodAccessorImpl.invoke0(Native Method)<br/>	at sun.reflect.NativeMethodAccessorImpl.invoke(NativeMethodAccessorImpl.java:57)<br/>	at sun.reflect.DelegatingMethodAccessorImpl.invoke(DelegatingMethodAccessorImpl.java:43)<br/>	at java.lang.reflect.Method.invoke(Method.java:606)<br/>	at fitnesse.slim.fixtureInteraction.DefaultInteraction.methodInvoke(DefaultInteraction.java:147)<br/>	at nl.hsac.fitnesse.fixture.slim.SlimFixture.invoke(SlimFixture.java:50)<br/>	at nl.hsac.fitnesse.fixture.slim.web.BrowserTest.superInvoke(BrowserTest.java:105)<br/>	at nl.hsac.fitnesse.fixture.slim.web.BrowserTest.invoke(BrowserTest.java:57)<br/>	at nl.hsac.fitnesse.fixture.slim.SlimFixture.aroundSlimInvoke(SlimFixture.java:30)<br/>	at sun.reflect.GeneratedMethodAccessor1.invoke(Unknown Source)<br/>	at sun.reflect.DelegatingMethodAccessorImpl.invoke(DelegatingMethodAccessorImpl.java:43)<br/>	at java.lang.reflect.Method.invoke(Method.java:606)<br/>	at fitnesse.slim.fixtureInteraction.DefaultInteraction.methodInvoke(DefaultInteraction.java:147)<br/>	at fitnesse.slim.fixtureInteraction.DefaultInteraction.callMethod(DefaultInteraction.java:130)<br/>	at fitnesse.slim.fixtureInteraction.DefaultInteraction.invokeMethod(DefaultInteraction.java:114)<br/>	at fitnesse.slim.fixtureInteraction.DefaultInteraction.findAndInvoke(DefaultInteraction.java:92)<br/>	at fitnesse.slim.MethodExecutor.findAndInvoke(MethodExecutor.java:18)<br/>	at fitnesse.slim.FixtureMethodExecutor.execute(FixtureMethodExecutor.java:18)<br/>	at fitnesse.slim.StatementExecutor.getMethodExecutionResult(StatementExecutor.java:130)<br/>	at fitnesse.slim.StatementExecutor.call(StatementExecutor.java:103)<br/>	at fitnesse.slim.instructions.CallInstruction.executeInternal(CallInstruction.java:35)<br/>	at fitnesse.slim.instructions.Instruction.execute(Instruction.java:29)<br/>	at fitnesse.slim.ListExecutor$Executive.executeStatement(ListExecutor.java:49)<br/>	at fitnesse.slim.ListExecutor$Executive.executeStatements(ListExecutor.java:43)<br/>	at fitnesse.slim.ListExecutor.execute(ListExecutor.java:85)<br/>	at fitnesse.slim.SlimServer.executeInstructions(SlimServer.java:82)<br/>	at fitnesse.slim.SlimServer.processOneSetOfInstructions(SlimServer.java:75)<br/>	at fitnesse.slim.SlimServer.tryProcessInstructions(SlimServer.java:62)<br/>	at fitnesse.slim.SlimServer.serve(SlimServer.java:47)<br/>	at fitnesse.testsystems.slim.InProcessSlimClient$1.run(InProcessSlimClient.java:53)<br/>	at java.lang.Thread.run(Thread.java:745)<br/></div></span></td>
		<td colspan="3">enter</td>
	</tr>
	<tr class="slimRowColor8">
		<td>click <span class="error"><div>org.openqa.selenium.UnsupportedCommandException: ERROR The test with session id 6d1bb600a0d04b888bc43268d1fc82a1 has already finished, and can't receive further commands.<br/>You can learn more at https://saucelabs.com/jobs/6d1bb600a0d04b888bc43268d1fc82a1<br/>For help, please check https://wiki.saucelabs.com/display/DOCS/Common+Error+Messages<br/>Command duration or timeout: 77 milliseconds<br/>Build info: version: '2.53.1', revision: 'a36b8b1cd5757287168e54b817830adce9b0158d', time: '2016-06-30 19:26:09'<br/>System info: host: 'testing-docker-16bdec8c-f471-483c-ba31-51d7ca110ff3', ip: '172.17.0.9', os.name: 'Linux', os.arch: 'amd64', os.version: '4.8.12-040812-generic', java.version: '1.7.0_76'<br/>*** Element info: {Using=link text, value=Zoek}<br/>Session ID: 6d1bb600a0d04b888bc43268d1fc82a1<br/>Driver info: org.openqa.selenium.remote.RemoteWebDriver<br/>Capabilities [{platform=XP, javascriptEnabled=true, acceptSslCerts=true, hasMetadata=true, browserName=chrome, chrome={userDataDir=C:\Users\ADMINI~1\AppData\Local\Temp\scoped_dir1872_22918, chromedriverVersion=2.24.417431 (9aea000394714d2fbb20850021f6204f2256b9cf)}, networkConnectionEnabled=false, rotatable=false, mobileEmulationEnabled=false, locationContextEnabled=true, webdriver.remote.sessionid=6d1bb600a0d04b888bc43268d1fc82a1, version=55.0.2883.75, pageLoadStrategy=normal, takesHeapSnapshot=true, cssSelectorsEnabled=true, databaseEnabled=false, handlesAlerts=true, browserConnectionEnabled=false, webStorageEnabled=true, nativeEvents=true, hasTouchScreen=false, applicationCacheEnabled=false, takesScreenshot=true}]<br/>	at sun.reflect.GeneratedConstructorAccessor15.newInstance(Unknown Source)<br/>	at sun.reflect.DelegatingConstructorAccessorImpl.newInstance(DelegatingConstructorAccessorImpl.java:45)<br/>	at java.lang.reflect.Constructor.newInstance(Constructor.java:526)<br/>	at org.openqa.selenium.remote.ErrorHandler.createThrowable(ErrorHandler.java:206)<br/>	at org.openqa.selenium.remote.ErrorHandler.throwIfResponseFailed(ErrorHandler.java:158)<br/>	at org.openqa.selenium.remote.RemoteWebDriver.execute(RemoteWebDriver.java:678)<br/>	at org.openqa.selenium.remote.RemoteWebDriver.findElements(RemoteWebDriver.java:388)<br/>	at org.openqa.selenium.remote.RemoteWebDriver.findElementsByLinkText(RemoteWebDriver.java:432)<br/>	at org.openqa.selenium.By$ByLinkText.findElements(By.java:241)<br/>	at org.openqa.selenium.remote.RemoteWebDriver.findElements(RemoteWebDriver.java:351)<br/>	at nl.hsac.fitnesse.fixture.util.selenium.SeleniumHelper.findElement(SeleniumHelper.java:987)<br/>	at nl.hsac.fitnesse.fixture.util.selenium.SeleniumHelper.findElement(SeleniumHelper.java:829)<br/>	at nl.hsac.fitnesse.fixture.util.selenium.SeleniumHelper.findElement(SeleniumHelper.java:818)<br/>	at nl.hsac.fitnesse.fixture.util.selenium.SeleniumHelper.getElementToClick(SeleniumHelper.java:123)<br/>	at nl.hsac.fitnesse.fixture.slim.web.BrowserTest.getElementToClick(BrowserTest.java:728)<br/>	at nl.hsac.fitnesse.fixture.slim.web.BrowserTest.clickImp(BrowserTest.java:685)<br/>	at nl.hsac.fitnesse.fixture.slim.web.BrowserTest.click(BrowserTest.java:663)<br/>	at sun.reflect.GeneratedMethodAccessor3.invoke(Unknown Source)<br/>	at sun.reflect.DelegatingMethodAccessorImpl.invoke(DelegatingMethodAccessorImpl.java:43)<br/>	at java.lang.reflect.Method.invoke(Method.java:606)<br/>	at fitnesse.slim.fixtureInteraction.DefaultInteraction.methodInvoke(DefaultInteraction.java:147)<br/>	at nl.hsac.fitnesse.fixture.slim.SlimFixture.invoke(SlimFixture.java:50)<br/>	at nl.hsac.fitnesse.fixture.slim.web.BrowserTest.superInvoke(BrowserTest.java:105)<br/>	at nl.hsac.fitnesse.fixture.slim.web.BrowserTest$1.apply(BrowserTest.java:69)<br/>	at nl.hsac.fitnesse.fixture.slim.web.BrowserTest$1.apply(BrowserTest.java:65)<br/>	at nl.hsac.fitnesse.fixture.util.selenium.TryAllFramesConditionDecorator.apply(TryAllFramesConditionDecorator.java:34)<br/>	at nl.hsac.fitnesse.fixture.util.selenium.TryAllFramesConditionDecorator.apply(TryAllFramesConditionDecorator.java:16)<br/>	at nl.hsac.fitnesse.fixture.util.selenium.SeleniumHelper$2.apply(SeleniumHelper.java:956)<br/>	at nl.hsac.fitnesse.fixture.util.selenium.SeleniumHelper$2.apply(SeleniumHelper.java:952)<br/>	at org.openqa.selenium.support.ui.FluentWait.until(FluentWait.java:238)<br/>	at nl.hsac.fitnesse.fixture.util.selenium.SeleniumHelper.waitUntil(SeleniumHelper.java:941)<br/>	at nl.hsac.fitnesse.fixture.slim.web.BrowserTest.waitUntilImpl(BrowserTest.java:1733)<br/>	at nl.hsac.fitnesse.fixture.slim.web.BrowserTest.waitUntil(BrowserTest.java:1663)<br/>	at nl.hsac.fitnesse.fixture.slim.web.BrowserTest.invokedWrappedInWaitUntil(BrowserTest.java:98)<br/>	at nl.hsac.fitnesse.fixture.slim.web.BrowserTest.invoke(BrowserTest.java:59)<br/>	at nl.hsac.fitnesse.fixture.slim.SlimFixture.aroundSlimInvoke(SlimFixture.java:30)<br/>	at sun.reflect.GeneratedMethodAccessor1.invoke(Unknown Source)<br/>	at sun.reflect.DelegatingMethodAccessorImpl.invoke(DelegatingMethodAccessorImpl.java:43)<br/>	at java.lang.reflect.Method.invoke(Method.java:606)<br/>	at fitnesse.slim.fixtureInteraction.DefaultInteraction.methodInvoke(DefaultInteraction.java:147)<br/>	at fitnesse.slim.fixtureInteraction.DefaultInteraction.callMethod(DefaultInteraction.java:130)<br/>	at fitnesse.slim.fixtureInteraction.DefaultInteraction.invokeMethod(DefaultInteraction.java:114)<br/>	at fitnesse.slim.fixtureInteraction.DefaultInteraction.findAndInvoke(DefaultInteraction.java:92)<br/>	at fitnesse.slim.MethodExecutor.findAndInvoke(MethodExecutor.java:18)<br/>	at fitnesse.slim.FixtureMethodExecutor.execute(FixtureMethodExecutor.java:18)<br/>	at fitnesse.slim.StatementExecutor.getMethodExecutionResult(StatementExecutor.java:130)<br/>	at fitnesse.slim.StatementExecutor.call(StatementExecutor.java:103)<br/>	at fitnesse.slim.instructions.CallInstruction.executeInternal(CallInstruction.java:35)<br/>	at fitnesse.slim.instructions.Instruction.execute(Instruction.java:29)<br/>	at fitnesse.slim.ListExecutor$Executive.executeStatement(ListExecutor.java:49)<br/>	at fitnesse.slim.ListExecutor$Executive.executeStatements(ListExecutor.java:43)<br/>	at fitnesse.slim.ListExecutor.execute(ListExecutor.java:85)<br/>	at fitnesse.slim.SlimServer.executeInstructions(SlimServer.java:82)<br/>	at fitnesse.slim.SlimServer.processOneSetOfInstructions(SlimServer.java:75)<br/>	at fitnesse.slim.SlimServer.tryProcessInstructions(SlimServer.java:62)<br/>	at fitnesse.slim.SlimServer.serve(SlimServer.java:47)<br/>	at fitnesse.testsystems.slim.InProcessSlimClient$1.run(InProcessSlimClient.java:53)<br/>	at java.lang.Thread.run(Thread.java:745)<br/></div></span></td>
		<td colspan="3">Zoek</td>
	</tr>
	<tr class="slimRowColor8">
		<td>click <span class="error"><div>org.openqa.selenium.UnsupportedCommandException: ERROR The test with session id 6d1bb600a0d04b888bc43268d1fc82a1 has already finished, and can't receive further commands.<br/>You can learn more at https://saucelabs.com/jobs/6d1bb600a0d04b888bc43268d1fc82a1<br/>For help, please check https://wiki.saucelabs.com/display/DOCS/Common+Error+Messages<br/>Command duration or timeout: 77 milliseconds<br/>Build info: version: '2.53.1', revision: 'a36b8b1cd5757287168e54b817830adce9b0158d', time: '2016-06-30 19:26:09'<br/>System info: host: 'testing-docker-16bdec8c-f471-483c-ba31-51d7ca110ff3', ip: '172.17.0.9', os.name: 'Linux', os.arch: 'amd64', os.version: '4.8.12-040812-generic', java.version: '1.7.0_76'<br/>*** Element info: {Using=link text, value=Wittevrouwensingel 66}<br/>Session ID: 6d1bb600a0d04b888bc43268d1fc82a1<br/>Driver info: org.openqa.selenium.remote.RemoteWebDriver<br/>Capabilities [{platform=XP, javascriptEnabled=true, acceptSslCerts=true, hasMetadata=true, browserName=chrome, chrome={userDataDir=C:\Users\ADMINI~1\AppData\Local\Temp\scoped_dir1872_22918, chromedriverVersion=2.24.417431 (9aea000394714d2fbb20850021f6204f2256b9cf)}, networkConnectionEnabled=false, rotatable=false, mobileEmulationEnabled=false, locationContextEnabled=true, webdriver.remote.sessionid=6d1bb600a0d04b888bc43268d1fc82a1, version=55.0.2883.75, pageLoadStrategy=normal, takesHeapSnapshot=true, cssSelectorsEnabled=true, databaseEnabled=false, handlesAlerts=true, browserConnectionEnabled=false, webStorageEnabled=true, nativeEvents=true, hasTouchScreen=false, applicationCacheEnabled=false, takesScreenshot=true}]<br/>	at sun.reflect.GeneratedConstructorAccessor15.newInstance(Unknown Source)<br/>	at sun.reflect.DelegatingConstructorAccessorImpl.newInstance(DelegatingConstructorAccessorImpl.java:45)<br/>	at java.lang.reflect.Constructor.newInstance(Constructor.java:526)<br/>	at org.openqa.selenium.remote.ErrorHandler.createThrowable(ErrorHandler.java:206)<br/>	at org.openqa.selenium.remote.ErrorHandler.throwIfResponseFailed(ErrorHandler.java:158)<br/>	at org.openqa.selenium.remote.RemoteWebDriver.execute(RemoteWebDriver.java:678)<br/>	at org.openqa.selenium.remote.RemoteWebDriver.findElements(RemoteWebDriver.java:388)<br/>	at org.openqa.selenium.remote.RemoteWebDriver.findElementsByLinkText(RemoteWebDriver.java:432)<br/>	at org.openqa.selenium.By$ByLinkText.findElements(By.java:241)<br/>	at org.openqa.selenium.remote.RemoteWebDriver.findElements(RemoteWebDriver.java:351)<br/>	at nl.hsac.fitnesse.fixture.util.selenium.SeleniumHelper.findElement(SeleniumHelper.java:987)<br/>	at nl.hsac.fitnesse.fixture.util.selenium.SeleniumHelper.findElement(SeleniumHelper.java:829)<br/>	at nl.hsac.fitnesse.fixture.util.selenium.SeleniumHelper.findElement(SeleniumHelper.java:818)<br/>	at nl.hsac.fitnesse.fixture.util.selenium.SeleniumHelper.getElementToClick(SeleniumHelper.java:123)<br/>	at nl.hsac.fitnesse.fixture.slim.web.BrowserTest.getElementToClick(BrowserTest.java:728)<br/>	at nl.hsac.fitnesse.fixture.slim.web.BrowserTest.clickImp(BrowserTest.java:685)<br/>	at nl.hsac.fitnesse.fixture.slim.web.BrowserTest.click(BrowserTest.java:663)<br/>	at sun.reflect.GeneratedMethodAccessor3.invoke(Unknown Source)<br/>	at sun.reflect.DelegatingMethodAccessorImpl.invoke(DelegatingMethodAccessorImpl.java:43)<br/>	at java.lang.reflect.Method.invoke(Method.java:606)<br/>	at fitnesse.slim.fixtureInteraction.DefaultInteraction.methodInvoke(DefaultInteraction.java:147)<br/>	at nl.hsac.fitnesse.fixture.slim.SlimFixture.invoke(SlimFixture.java:50)<br/>	at nl.hsac.fitnesse.fixture.slim.web.BrowserTest.superInvoke(BrowserTest.java:105)<br/>	at nl.hsac.fitnesse.fixture.slim.web.BrowserTest$1.apply(BrowserTest.java:69)<br/>	at nl.hsac.fitnesse.fixture.slim.web.BrowserTest$1.apply(BrowserTest.java:65)<br/>	at nl.hsac.fitnesse.fixture.util.selenium.TryAllFramesConditionDecorator.apply(TryAllFramesConditionDecorator.java:34)<br/>	at nl.hsac.fitnesse.fixture.util.selenium.TryAllFramesConditionDecorator.apply(TryAllFramesConditionDecorator.java:16)<br/>	at nl.hsac.fitnesse.fixture.util.selenium.SeleniumHelper$2.apply(SeleniumHelper.java:956)<br/>	at nl.hsac.fitnesse.fixture.util.selenium.SeleniumHelper$2.apply(SeleniumHelper.java:952)<br/>	at org.openqa.selenium.support.ui.FluentWait.until(FluentWait.java:238)<br/>	at nl.hsac.fitnesse.fixture.util.selenium.SeleniumHelper.waitUntil(SeleniumHelper.java:941)<br/>	at nl.hsac.fitnesse.fixture.slim.web.BrowserTest.waitUntilImpl(BrowserTest.java:1733)<br/>	at nl.hsac.fitnesse.fixture.slim.web.BrowserTest.waitUntil(BrowserTest.java:1663)<br/>	at nl.hsac.fitnesse.fixture.slim.web.BrowserTest.invokedWrappedInWaitUntil(BrowserTest.java:98)<br/>	at nl.hsac.fitnesse.fixture.slim.web.BrowserTest.invoke(BrowserTest.java:59)<br/>	at nl.hsac.fitnesse.fixture.slim.SlimFixture.aroundSlimInvoke(SlimFixture.java:30)<br/>	at sun.reflect.GeneratedMethodAccessor1.invoke(Unknown Source)<br/>	at sun.reflect.DelegatingMethodAccessorImpl.invoke(DelegatingMethodAccessorImpl.java:43)<br/>	at java.lang.reflect.Method.invoke(Method.java:606)<br/>	at fitnesse.slim.fixtureInteraction.DefaultInteraction.methodInvoke(DefaultInteraction.java:147)<br/>	at fitnesse.slim.fixtureInteraction.DefaultInteraction.callMethod(DefaultInteraction.java:130)<br/>	at fitnesse.slim.fixtureInteraction.DefaultInteraction.invokeMethod(DefaultInteraction.java:114)<br/>	at fitnesse.slim.fixtureInteraction.DefaultInteraction.findAndInvoke(DefaultInteraction.java:92)<br/>	at fitnesse.slim.MethodExecutor.findAndInvoke(MethodExecutor.java:18)<br/>	at fitnesse.slim.FixtureMethodExecutor.execute(FixtureMethodExecutor.java:18)<br/>	at fitnesse.slim.StatementExecutor.getMethodExecutionResult(StatementExecutor.java:130)<br/>	at fitnesse.slim.StatementExecutor.call(StatementExecutor.java:103)<br/>	at fitnesse.slim.instructions.CallInstruction.executeInternal(CallInstruction.java:35)<br/>	at fitnesse.slim.instructions.Instruction.execute(Instruction.java:29)<br/>	at fitnesse.slim.ListExecutor$Executive.executeStatement(ListExecutor.java:49)<br/>	at fitnesse.slim.ListExecutor$Executive.executeStatements(ListExecutor.java:43)<br/>	at fitnesse.slim.ListExecutor.execute(ListExecutor.java:85)<br/>	at fitnesse.slim.SlimServer.executeInstructions(SlimServer.java:82)<br/>	at fitnesse.slim.SlimServer.processOneSetOfInstructions(SlimServer.java:75)<br/>	at fitnesse.slim.SlimServer.tryProcessInstructions(SlimServer.java:62)<br/>	at fitnesse.slim.SlimServer.serve(SlimServer.java:47)<br/>	at fitnesse.testsystems.slim.InProcessSlimClient$1.run(InProcessSlimClient.java:53)<br/>	at java.lang.Thread.run(Thread.java:745)<br/></div></span></td>
		<td colspan="3">Wittevrouwensingel 66</td>
	</tr>
	<tr class="slimRowColor0">
		<td>check</td>
		<td>page title</td>
		<td colspan="2">Huis te koop: Wittevrouwensingel 66 3572 CC Utrecht [funda] <span class="error"><div>org.openqa.selenium.UnsupportedCommandException: ERROR The test with session id 6d1bb600a0d04b888bc43268d1fc82a1 has already finished, and can't receive further commands.<br/>You can learn more at https://saucelabs.com/jobs/6d1bb600a0d04b888bc43268d1fc82a1<br/>For help, please check https://wiki.saucelabs.com/display/DOCS/Common+Error+Messages<br/>Command duration or timeout: 76 milliseconds<br/>Build info: version: '2.53.1', revision: 'a36b8b1cd5757287168e54b817830adce9b0158d', time: '2016-06-30 19:26:09'<br/>System info: host: 'testing-docker-16bdec8c-f471-483c-ba31-51d7ca110ff3', ip: '172.17.0.9', os.name: 'Linux', os.arch: 'amd64', os.version: '4.8.12-040812-generic', java.version: '1.7.0_76'<br/>Session ID: 6d1bb600a0d04b888bc43268d1fc82a1<br/>Driver info: org.openqa.selenium.remote.RemoteWebDriver<br/>Capabilities [{platform=XP, javascriptEnabled=true, acceptSslCerts=true, hasMetadata=true, browserName=chrome, chrome={userDataDir=C:\Users\ADMINI~1\AppData\Local\Temp\scoped_dir1872_22918, chromedriverVersion=2.24.417431 (9aea000394714d2fbb20850021f6204f2256b9cf)}, networkConnectionEnabled=false, rotatable=false, mobileEmulationEnabled=false, locationContextEnabled=true, webdriver.remote.sessionid=6d1bb600a0d04b888bc43268d1fc82a1, version=55.0.2883.75, pageLoadStrategy=normal, takesHeapSnapshot=true, cssSelectorsEnabled=true, databaseEnabled=false, handlesAlerts=true, browserConnectionEnabled=false, webStorageEnabled=true, nativeEvents=true, hasTouchScreen=false, applicationCacheEnabled=false, takesScreenshot=true}]<br/>	at sun.reflect.GeneratedConstructorAccessor15.newInstance(Unknown Source)<br/>	at sun.reflect.DelegatingConstructorAccessorImpl.newInstance(DelegatingConstructorAccessorImpl.java:45)<br/>	at java.lang.reflect.Constructor.newInstance(Constructor.java:526)<br/>	at org.openqa.selenium.remote.ErrorHandler.createThrowable(ErrorHandler.java:206)<br/>	at org.openqa.selenium.remote.ErrorHandler.throwIfResponseFailed(ErrorHandler.java:158)<br/>	at org.openqa.selenium.remote.RemoteWebDriver.execute(RemoteWebDriver.java:678)<br/>	at org.openqa.selenium.remote.RemoteWebDriver.execute(RemoteWebDriver.java:701)<br/>	at org.openqa.selenium.remote.RemoteWebDriver.getTitle(RemoteWebDriver.java:320)<br/>	at nl.hsac.fitnesse.fixture.util.selenium.SeleniumHelper.getPageTitle(SeleniumHelper.java:101)<br/>	at nl.hsac.fitnesse.fixture.slim.web.BrowserTest.pageTitle(BrowserTest.java:421)<br/>	at sun.reflect.NativeMethodAccessorImpl.invoke0(Native Method)<br/>	at sun.reflect.NativeMethodAccessorImpl.invoke(NativeMethodAccessorImpl.java:57)<br/>	at sun.reflect.DelegatingMethodAccessorImpl.invoke(DelegatingMethodAccessorImpl.java:43)<br/>	at java.lang.reflect.Method.invoke(Method.java:606)<br/>	at fitnesse.slim.fixtureInteraction.DefaultInteraction.methodInvoke(DefaultInteraction.java:147)<br/>	at nl.hsac.fitnesse.fixture.slim.SlimFixture.invoke(SlimFixture.java:50)<br/>	at nl.hsac.fitnesse.fixture.slim.web.BrowserTest.superInvoke(BrowserTest.java:105)<br/>	at nl.hsac.fitnesse.fixture.slim.web.BrowserTest.invoke(BrowserTest.java:57)<br/>	at nl.hsac.fitnesse.fixture.slim.SlimFixture.aroundSlimInvoke(SlimFixture.java:30)<br/>	at sun.reflect.GeneratedMethodAccessor1.invoke(Unknown Source)<br/>	at sun.reflect.DelegatingMethodAccessorImpl.invoke(DelegatingMethodAccessorImpl.java:43)<br/>	at java.lang.reflect.Method.invoke(Method.java:606)<br/>	at fitnesse.slim.fixtureInteraction.DefaultInteraction.methodInvoke(DefaultInteraction.java:147)<br/>	at fitnesse.slim.fixtureInteraction.DefaultInteraction.callMethod(DefaultInteraction.java:130)<br/>	at fitnesse.slim.fixtureInteraction.DefaultInteraction.invokeMethod(DefaultInteraction.java:114)<br/>	at fitnesse.slim.fixtureInteraction.DefaultInteraction.findAndInvoke(DefaultInteraction.java:92)<br/>	at fitnesse.slim.MethodExecutor.findAndInvoke(MethodExecutor.java:18)<br/>	at fitnesse.slim.FixtureMethodExecutor.execute(FixtureMethodExecutor.java:18)<br/>	at fitnesse.slim.StatementExecutor.getMethodExecutionResult(StatementExecutor.java:130)<br/>	at fitnesse.slim.StatementExecutor.call(StatementExecutor.java:103)<br/>	at fitnesse.slim.instructions.CallInstruction.executeInternal(CallInstruction.java:35)<br/>	at fitnesse.slim.instructions.Instruction.execute(Instruction.java:29)<br/>	at fitnesse.slim.ListExecutor$Executive.executeStatement(ListExecutor.java:49)<br/>	at fitnesse.slim.ListExecutor$Executive.executeStatements(ListExecutor.java:43)<br/>	at fitnesse.slim.ListExecutor.execute(ListExecutor.java:85)<br/>	at fitnesse.slim.SlimServer.executeInstructions(SlimServer.java:82)<br/>	at fitnesse.slim.SlimServer.processOneSetOfInstructions(SlimServer.java:75)<br/>	at fitnesse.slim.SlimServer.tryProcessInstructions(SlimServer.java:62)<br/>	at fitnesse.slim.SlimServer.serve(SlimServer.java:47)<br/>	at fitnesse.testsystems.slim.InProcessSlimClient$1.run(InProcessSlimClient.java:53)<br/>	at java.lang.Thread.run(Thread.java:745)<br/></div></span></td>
	</tr>
	<tr class="slimRowColor0">
		<td>check</td>
		<td>value of</td>
		<td>Status</td>
		<td>Beschikbaar <span class="error"><div>org.openqa.selenium.UnsupportedCommandException: ERROR The test with session id 6d1bb600a0d04b888bc43268d1fc82a1 has already finished, and can't receive further commands.<br/>You can learn more at https://saucelabs.com/jobs/6d1bb600a0d04b888bc43268d1fc82a1<br/>For help, please check https://wiki.saucelabs.com/display/DOCS/Common+Error+Messages<br/>Command duration or timeout: 78 milliseconds<br/>Build info: version: '2.53.1', revision: 'a36b8b1cd5757287168e54b817830adce9b0158d', time: '2016-06-30 19:26:09'<br/>System info: host: 'testing-docker-16bdec8c-f471-483c-ba31-51d7ca110ff3', ip: '172.17.0.9', os.name: 'Linux', os.arch: 'amd64', os.version: '4.8.12-040812-generic', java.version: '1.7.0_76'<br/>*** Element info: {Using=xpath, value=.//label/descendant-or-self::text()[normalize-space(translate(., '&nbsp;', ' '))='Status']/ancestor-or-self::label}<br/>Session ID: 6d1bb600a0d04b888bc43268d1fc82a1<br/>Driver info: org.openqa.selenium.remote.RemoteWebDriver<br/>Capabilities [{platform=XP, javascriptEnabled=true, acceptSslCerts=true, hasMetadata=true, browserName=chrome, chrome={userDataDir=C:\Users\ADMINI~1\AppData\Local\Temp\scoped_dir1872_22918, chromedriverVersion=2.24.417431 (9aea000394714d2fbb20850021f6204f2256b9cf)}, networkConnectionEnabled=false, rotatable=false, mobileEmulationEnabled=false, locationContextEnabled=true, webdriver.remote.sessionid=6d1bb600a0d04b888bc43268d1fc82a1, version=55.0.2883.75, pageLoadStrategy=normal, takesHeapSnapshot=true, cssSelectorsEnabled=true, databaseEnabled=false, handlesAlerts=true, browserConnectionEnabled=false, webStorageEnabled=true, nativeEvents=true, hasTouchScreen=false, applicationCacheEnabled=false, takesScreenshot=true}]<br/>	at sun.reflect.GeneratedConstructorAccessor15.newInstance(Unknown Source)<br/>	at sun.reflect.DelegatingConstructorAccessorImpl.newInstance(DelegatingConstructorAccessorImpl.java:45)<br/>	at java.lang.reflect.Constructor.newInstance(Constructor.java:526)<br/>	at org.openqa.selenium.remote.ErrorHandler.createThrowable(ErrorHandler.java:206)<br/>	at org.openqa.selenium.remote.ErrorHandler.throwIfResponseFailed(ErrorHandler.java:158)<br/>	at org.openqa.selenium.remote.RemoteWebDriver.execute(RemoteWebDriver.java:678)<br/>	at org.openqa.selenium.remote.RemoteWebDriver.findElements(RemoteWebDriver.java:388)<br/>	at org.openqa.selenium.remote.RemoteWebDriver.findElementsByXPath(RemoteWebDriver.java:504)<br/>	at org.openqa.selenium.By$ByXPath.findElements(By.java:356)<br/>	at org.openqa.selenium.remote.RemoteWebDriver.findElements(RemoteWebDriver.java:351)<br/>	at nl.hsac.fitnesse.fixture.util.selenium.SeleniumHelper.findElement(SeleniumHelper.java:987)<br/>	at nl.hsac.fitnesse.fixture.util.selenium.SeleniumHelper.findElement(SeleniumHelper.java:829)<br/>	at nl.hsac.fitnesse.fixture.util.selenium.SeleniumHelper.findElement(SeleniumHelper.java:818)<br/>	at nl.hsac.fitnesse.fixture.util.selenium.SeleniumHelper.findByXPath(SeleniumHelper.java:809)<br/>	at nl.hsac.fitnesse.fixture.util.selenium.SeleniumHelper.getElementByLabel(SeleniumHelper.java:457)<br/>	at nl.hsac.fitnesse.fixture.util.selenium.SeleniumHelper.getElementByLabelOccurrence(SeleniumHelper.java:412)<br/>	at nl.hsac.fitnesse.fixture.util.selenium.SeleniumHelper.getElementExact(SeleniumHelper.java:292)<br/>	at nl.hsac.fitnesse.fixture.util.selenium.SeleniumHelper.getElement(SeleniumHelper.java:258)<br/>	at nl.hsac.fitnesse.fixture.slim.web.BrowserTest.getElement(BrowserTest.java:1226)<br/>	at nl.hsac.fitnesse.fixture.slim.web.BrowserTest.getElementToRetrieveValue(BrowserTest.java:939)<br/>	at nl.hsac.fitnesse.fixture.slim.web.BrowserTest.valueForIn(BrowserTest.java:934)<br/>	at nl.hsac.fitnesse.fixture.slim.web.BrowserTest.valueFor(BrowserTest.java:924)<br/>	at nl.hsac.fitnesse.fixture.slim.web.BrowserTest.valueOf(BrowserTest.java:919)<br/>	at sun.reflect.GeneratedMethodAccessor2.invoke(Unknown Source)<br/>	at sun.reflect.DelegatingMethodAccessorImpl.invoke(DelegatingMethodAccessorImpl.java:43)<br/>	at java.lang.reflect.Method.invoke(Method.java:606)<br/>	at fitnesse.slim.fixtureInteraction.DefaultInteraction.methodInvoke(DefaultInteraction.java:147)<br/>	at nl.hsac.fitnesse.fixture.slim.SlimFixture.invoke(SlimFixture.java:50)<br/>	at nl.hsac.fitnesse.fixture.slim.web.BrowserTest.superInvoke(BrowserTest.java:105)<br/>	at nl.hsac.fitnesse.fixture.slim.web.BrowserTest$1.apply(BrowserTest.java:69)<br/>	at nl.hsac.fitnesse.fixture.slim.web.BrowserTest$1.apply(BrowserTest.java:65)<br/>	at nl.hsac.fitnesse.fixture.util.selenium.TryAllFramesConditionDecorator.apply(TryAllFramesConditionDecorator.java:34)<br/>	at nl.hsac.fitnesse.fixture.util.selenium.TryAllFramesConditionDecorator.apply(TryAllFramesConditionDecorator.java:16)<br/>	at nl.hsac.fitnesse.fixture.util.selenium.SeleniumHelper$2.apply(SeleniumHelper.java:956)<br/>	at nl.hsac.fitnesse.fixture.util.selenium.SeleniumHelper$2.apply(SeleniumHelper.java:952)<br/>	at org.openqa.selenium.support.ui.FluentWait.until(FluentWait.java:238)<br/>	at nl.hsac.fitnesse.fixture.util.selenium.SeleniumHelper.waitUntil(SeleniumHelper.java:941)<br/>	at nl.hsac.fitnesse.fixture.slim.web.BrowserTest.waitUntilImpl(BrowserTest.java:1733)<br/>	at nl.hsac.fitnesse.fixture.slim.web.BrowserTest.waitUntilOrNull(BrowserTest.java:1726)<br/>	at nl.hsac.fitnesse.fixture.slim.web.BrowserTest.invokedWrappedInWaitUntil(BrowserTest.java:91)<br/>	at nl.hsac.fitnesse.fixture.slim.web.BrowserTest.invoke(BrowserTest.java:59)<br/>	at nl.hsac.fitnesse.fixture.slim.SlimFixture.aroundSlimInvoke(SlimFixture.java:30)<br/>	at sun.reflect.GeneratedMethodAccessor1.invoke(Unknown Source)<br/>	at sun.reflect.DelegatingMethodAccessorImpl.invoke(DelegatingMethodAccessorImpl.java:43)<br/>	at java.lang.reflect.Method.invoke(Method.java:606)<br/>	at fitnesse.slim.fixtureInteraction.DefaultInteraction.methodInvoke(DefaultInteraction.java:147)<br/>	at fitnesse.slim.fixtureInteraction.DefaultInteraction.callMethod(DefaultInteraction.java:130)<br/>	at fitnesse.slim.fixtureInteraction.DefaultInteraction.invokeMethod(DefaultInteraction.java:114)<br/>	at fitnesse.slim.fixtureInteraction.DefaultInteraction.findAndInvoke(DefaultInteraction.java:92)<br/>	at fitnesse.slim.MethodExecutor.findAndInvoke(MethodExecutor.java:18)<br/>	at fitnesse.slim.FixtureMethodExecutor.execute(FixtureMethodExecutor.java:18)<br/>	at fitnesse.slim.StatementExecutor.getMethodExecutionResult(StatementExecutor.java:130)<br/>	at fitnesse.slim.StatementExecutor.call(StatementExecutor.java:103)<br/>	at fitnesse.slim.instructions.CallInstruction.executeInternal(CallInstruction.java:35)<br/>	at fitnesse.slim.instructions.Instruction.execute(Instruction.java:29)<br/>	at fitnesse.slim.ListExecutor$Executive.executeStatement(ListExecutor.java:49)<br/>	at fitnesse.slim.ListExecutor$Executive.executeStatements(ListExecutor.java:43)<br/>	at fitnesse.slim.ListExecutor.execute(ListExecutor.java:85)<br/>	at fitnesse.slim.SlimServer.executeInstructions(SlimServer.java:82)<br/>	at fitnesse.slim.SlimServer.processOneSetOfInstructions(SlimServer.java:75)<br/>	at fitnesse.slim.SlimServer.tryProcessInstructions(SlimServer.java:62)<br/>	at fitnesse.slim.SlimServer.serve(SlimServer.java:47)<br/>	at fitnesse.testsystems.slim.InProcessSlimClient$1.run(InProcessSlimClient.java:53)<br/>	at java.lang.Thread.run(Thread.java:745)<br/></div></span></td>
	</tr>
	<tr class="slimRowColor0">
		<td>check</td>
		<td>value of</td>
		<td>Woonoppervlakte</td>
		<td>323 m² <span class="error"><div>org.openqa.selenium.UnsupportedCommandException: ERROR The test with session id 6d1bb600a0d04b888bc43268d1fc82a1 has already finished, and can't receive further commands.<br/>You can learn more at https://saucelabs.com/jobs/6d1bb600a0d04b888bc43268d1fc82a1<br/>For help, please check https://wiki.saucelabs.com/display/DOCS/Common+Error+Messages<br/>Command duration or timeout: 76 milliseconds<br/>Build info: version: '2.53.1', revision: 'a36b8b1cd5757287168e54b817830adce9b0158d', time: '2016-06-30 19:26:09'<br/>System info: host: 'testing-docker-16bdec8c-f471-483c-ba31-51d7ca110ff3', ip: '172.17.0.9', os.name: 'Linux', os.arch: 'amd64', os.version: '4.8.12-040812-generic', java.version: '1.7.0_76'<br/>*** Element info: {Using=xpath, value=.//label/descendant-or-self::text()[normalize-space(translate(., '&nbsp;', ' '))='Woonoppervlakte']/ancestor-or-self::label}<br/>Session ID: 6d1bb600a0d04b888bc43268d1fc82a1<br/>Driver info: org.openqa.selenium.remote.RemoteWebDriver<br/>Capabilities [{platform=XP, javascriptEnabled=true, acceptSslCerts=true, hasMetadata=true, browserName=chrome, chrome={userDataDir=C:\Users\ADMINI~1\AppData\Local\Temp\scoped_dir1872_22918, chromedriverVersion=2.24.417431 (9aea000394714d2fbb20850021f6204f2256b9cf)}, networkConnectionEnabled=false, rotatable=false, mobileEmulationEnabled=false, locationContextEnabled=true, webdriver.remote.sessionid=6d1bb600a0d04b888bc43268d1fc82a1, version=55.0.2883.75, pageLoadStrategy=normal, takesHeapSnapshot=true, cssSelectorsEnabled=true, databaseEnabled=false, handlesAlerts=true, browserConnectionEnabled=false, webStorageEnabled=true, nativeEvents=true, hasTouchScreen=false, applicationCacheEnabled=false, takesScreenshot=true}]<br/>	at sun.reflect.GeneratedConstructorAccessor15.newInstance(Unknown Source)<br/>	at sun.reflect.DelegatingConstructorAccessorImpl.newInstance(DelegatingConstructorAccessorImpl.java:45)<br/>	at java.lang.reflect.Constructor.newInstance(Constructor.java:526)<br/>	at org.openqa.selenium.remote.ErrorHandler.createThrowable(ErrorHandler.java:206)<br/>	at org.openqa.selenium.remote.ErrorHandler.throwIfResponseFailed(ErrorHandler.java:158)<br/>	at org.openqa.selenium.remote.RemoteWebDriver.execute(RemoteWebDriver.java:678)<br/>	at org.openqa.selenium.remote.RemoteWebDriver.findElements(RemoteWebDriver.java:388)<br/>	at org.openqa.selenium.remote.RemoteWebDriver.findElementsByXPath(RemoteWebDriver.java:504)<br/>	at org.openqa.selenium.By$ByXPath.findElements(By.java:356)<br/>	at org.openqa.selenium.remote.RemoteWebDriver.findElements(RemoteWebDriver.java:351)<br/>	at nl.hsac.fitnesse.fixture.util.selenium.SeleniumHelper.findElement(SeleniumHelper.java:987)<br/>	at nl.hsac.fitnesse.fixture.util.selenium.SeleniumHelper.findElement(SeleniumHelper.java:829)<br/>	at nl.hsac.fitnesse.fixture.util.selenium.SeleniumHelper.findElement(SeleniumHelper.java:818)<br/>	at nl.hsac.fitnesse.fixture.util.selenium.SeleniumHelper.findByXPath(SeleniumHelper.java:809)<br/>	at nl.hsac.fitnesse.fixture.util.selenium.SeleniumHelper.getElementByLabel(SeleniumHelper.java:457)<br/>	at nl.hsac.fitnesse.fixture.util.selenium.SeleniumHelper.getElementByLabelOccurrence(SeleniumHelper.java:412)<br/>	at nl.hsac.fitnesse.fixture.util.selenium.SeleniumHelper.getElementExact(SeleniumHelper.java:292)<br/>	at nl.hsac.fitnesse.fixture.util.selenium.SeleniumHelper.getElement(SeleniumHelper.java:258)<br/>	at nl.hsac.fitnesse.fixture.slim.web.BrowserTest.getElement(BrowserTest.java:1226)<br/>	at nl.hsac.fitnesse.fixture.slim.web.BrowserTest.getElementToRetrieveValue(BrowserTest.java:939)<br/>	at nl.hsac.fitnesse.fixture.slim.web.BrowserTest.valueForIn(BrowserTest.java:934)<br/>	at nl.hsac.fitnesse.fixture.slim.web.BrowserTest.valueFor(BrowserTest.java:924)<br/>	at nl.hsac.fitnesse.fixture.slim.web.BrowserTest.valueOf(BrowserTest.java:919)<br/>	at sun.reflect.GeneratedMethodAccessor2.invoke(Unknown Source)<br/>	at sun.reflect.DelegatingMethodAccessorImpl.invoke(DelegatingMethodAccessorImpl.java:43)<br/>	at java.lang.reflect.Method.invoke(Method.java:606)<br/>	at fitnesse.slim.fixtureInteraction.DefaultInteraction.methodInvoke(DefaultInteraction.java:147)<br/>	at nl.hsac.fitnesse.fixture.slim.SlimFixture.invoke(SlimFixture.java:50)<br/>	at nl.hsac.fitnesse.fixture.slim.web.BrowserTest.superInvoke(BrowserTest.java:105)<br/>	at nl.hsac.fitnesse.fixture.slim.web.BrowserTest$1.apply(BrowserTest.java:69)<br/>	at nl.hsac.fitnesse.fixture.slim.web.BrowserTest$1.apply(BrowserTest.java:65)<br/>	at nl.hsac.fitnesse.fixture.util.selenium.TryAllFramesConditionDecorator.apply(TryAllFramesConditionDecorator.java:34)<br/>	at nl.hsac.fitnesse.fixture.util.selenium.TryAllFramesConditionDecorator.apply(TryAllFramesConditionDecorator.java:16)<br/>	at nl.hsac.fitnesse.fixture.util.selenium.SeleniumHelper$2.apply(SeleniumHelper.java:956)<br/>	at nl.hsac.fitnesse.fixture.util.selenium.SeleniumHelper$2.apply(SeleniumHelper.java:952)<br/>	at org.openqa.selenium.support.ui.FluentWait.until(FluentWait.java:238)<br/>	at nl.hsac.fitnesse.fixture.util.selenium.SeleniumHelper.waitUntil(SeleniumHelper.java:941)<br/>	at nl.hsac.fitnesse.fixture.slim.web.BrowserTest.waitUntilImpl(BrowserTest.java:1733)<br/>	at nl.hsac.fitnesse.fixture.slim.web.BrowserTest.waitUntilOrNull(BrowserTest.java:1726)<br/>	at nl.hsac.fitnesse.fixture.slim.web.BrowserTest.invokedWrappedInWaitUntil(BrowserTest.java:91)<br/>	at nl.hsac.fitnesse.fixture.slim.web.BrowserTest.invoke(BrowserTest.java:59)<br/>	at nl.hsac.fitnesse.fixture.slim.SlimFixture.aroundSlimInvoke(SlimFixture.java:30)<br/>	at sun.reflect.GeneratedMethodAccessor1.invoke(Unknown Source)<br/>	at sun.reflect.DelegatingMethodAccessorImpl.invoke(DelegatingMethodAccessorImpl.java:43)<br/>	at java.lang.reflect.Method.invoke(Method.java:606)<br/>	at fitnesse.slim.fixtureInteraction.DefaultInteraction.methodInvoke(DefaultInteraction.java:147)<br/>	at fitnesse.slim.fixtureInteraction.DefaultInteraction.callMethod(DefaultInteraction.java:130)<br/>	at fitnesse.slim.fixtureInteraction.DefaultInteraction.invokeMethod(DefaultInteraction.java:114)<br/>	at fitnesse.slim.fixtureInteraction.DefaultInteraction.findAndInvoke(DefaultInteraction.java:92)<br/>	at fitnesse.slim.MethodExecutor.findAndInvoke(MethodExecutor.java:18)<br/>	at fitnesse.slim.FixtureMethodExecutor.execute(FixtureMethodExecutor.java:18)<br/>	at fitnesse.slim.StatementExecutor.getMethodExecutionResult(StatementExecutor.java:130)<br/>	at fitnesse.slim.StatementExecutor.call(StatementExecutor.java:103)<br/>	at fitnesse.slim.instructions.CallInstruction.executeInternal(CallInstruction.java:35)<br/>	at fitnesse.slim.instructions.Instruction.execute(Instruction.java:29)<br/>	at fitnesse.slim.ListExecutor$Executive.executeStatement(ListExecutor.java:49)<br/>	at fitnesse.slim.ListExecutor$Executive.executeStatements(ListExecutor.java:43)<br/>	at fitnesse.slim.ListExecutor.execute(ListExecutor.java:85)<br/>	at fitnesse.slim.SlimServer.executeInstructions(SlimServer.java:82)<br/>	at fitnesse.slim.SlimServer.processOneSetOfInstructions(SlimServer.java:75)<br/>	at fitnesse.slim.SlimServer.tryProcessInstructions(SlimServer.java:62)<br/>	at fitnesse.slim.SlimServer.serve(SlimServer.java:47)<br/>	at fitnesse.testsystems.slim.InProcessSlimClient$1.run(InProcessSlimClient.java:53)<br/>	at java.lang.Thread.run(Thread.java:745)<br/></div></span></td>
	</tr>
	<tr class="slimRowColor8">
		<td>note</td>
		<td colspan="3">set width so we see button to go to next photo</td>
	</tr>
	<tr class="slimRowColor2">
		<td>set browser width <span class="error"><div>org.openqa.selenium.UnsupportedCommandException: ERROR The test with session id 6d1bb600a0d04b888bc43268d1fc82a1 has already finished, and can't receive further commands.<br/>You can learn more at https://saucelabs.com/jobs/6d1bb600a0d04b888bc43268d1fc82a1<br/>For help, please check https://wiki.saucelabs.com/display/DOCS/Common+Error+Messages<br/>Command duration or timeout: 77 milliseconds<br/>Build info: version: '2.53.1', revision: 'a36b8b1cd5757287168e54b817830adce9b0158d', time: '2016-06-30 19:26:09'<br/>System info: host: 'testing-docker-16bdec8c-f471-483c-ba31-51d7ca110ff3', ip: '172.17.0.9', os.name: 'Linux', os.arch: 'amd64', os.version: '4.8.12-040812-generic', java.version: '1.7.0_76'<br/>Session ID: 6d1bb600a0d04b888bc43268d1fc82a1<br/>Driver info: org.openqa.selenium.remote.RemoteWebDriver<br/>Capabilities [{platform=XP, javascriptEnabled=true, acceptSslCerts=true, hasMetadata=true, browserName=chrome, chrome={userDataDir=C:\Users\ADMINI~1\AppData\Local\Temp\scoped_dir1872_22918, chromedriverVersion=2.24.417431 (9aea000394714d2fbb20850021f6204f2256b9cf)}, networkConnectionEnabled=false, rotatable=false, mobileEmulationEnabled=false, locationContextEnabled=true, webdriver.remote.sessionid=6d1bb600a0d04b888bc43268d1fc82a1, version=55.0.2883.75, pageLoadStrategy=normal, takesHeapSnapshot=true, cssSelectorsEnabled=true, databaseEnabled=false, handlesAlerts=true, browserConnectionEnabled=false, webStorageEnabled=true, nativeEvents=true, hasTouchScreen=false, applicationCacheEnabled=false, takesScreenshot=true}]<br/>	at sun.reflect.GeneratedConstructorAccessor15.newInstance(Unknown Source)<br/>	at sun.reflect.DelegatingConstructorAccessorImpl.newInstance(DelegatingConstructorAccessorImpl.java:45)<br/>	at java.lang.reflect.Constructor.newInstance(Constructor.java:526)<br/>	at org.openqa.selenium.remote.ErrorHandler.createThrowable(ErrorHandler.java:206)<br/>	at org.openqa.selenium.remote.ErrorHandler.throwIfResponseFailed(ErrorHandler.java:158)<br/>	at org.openqa.selenium.remote.RemoteWebDriver.execute(RemoteWebDriver.java:678)<br/>	at org.openqa.selenium.remote.RemoteWebDriver$RemoteWebDriverOptions$RemoteWindow.getSize(RemoteWebDriver.java:914)<br/>	at nl.hsac.fitnesse.fixture.util.selenium.SeleniumHelper.getWindowSize(SeleniumHelper.java:1188)<br/>	at nl.hsac.fitnesse.fixture.slim.web.BrowserTest.getWindowSize(BrowserTest.java:1864)<br/>	at nl.hsac.fitnesse.fixture.slim.web.BrowserTest.currentBrowserHeight(BrowserTest.java:1840)<br/>	at nl.hsac.fitnesse.fixture.slim.web.BrowserTest.setBrowserWidth(BrowserTest.java:1844)<br/>	at sun.reflect.NativeMethodAccessorImpl.invoke0(Native Method)<br/>	at sun.reflect.NativeMethodAccessorImpl.invoke(NativeMethodAccessorImpl.java:57)<br/>	at sun.reflect.DelegatingMethodAccessorImpl.invoke(DelegatingMethodAccessorImpl.java:43)<br/>	at java.lang.reflect.Method.invoke(Method.java:606)<br/>	at fitnesse.slim.fixtureInteraction.DefaultInteraction.methodInvoke(DefaultInteraction.java:147)<br/>	at nl.hsac.fitnesse.fixture.slim.SlimFixture.invoke(SlimFixture.java:50)<br/>	at nl.hsac.fitnesse.fixture.slim.web.BrowserTest.superInvoke(BrowserTest.java:105)<br/>	at nl.hsac.fitnesse.fixture.slim.web.BrowserTest.invoke(BrowserTest.java:57)<br/>	at nl.hsac.fitnesse.fixture.slim.SlimFixture.aroundSlimInvoke(SlimFixture.java:30)<br/>	at sun.reflect.GeneratedMethodAccessor1.invoke(Unknown Source)<br/>	at sun.reflect.DelegatingMethodAccessorImpl.invoke(DelegatingMethodAccessorImpl.java:43)<br/>	at java.lang.reflect.Method.invoke(Method.java:606)<br/>	at fitnesse.slim.fixtureInteraction.DefaultInteraction.methodInvoke(DefaultInteraction.java:147)<br/>	at fitnesse.slim.fixtureInteraction.DefaultInteraction.callMethod(DefaultInteraction.java:130)<br/>	at fitnesse.slim.fixtureInteraction.DefaultInteraction.invokeMethod(DefaultInteraction.java:114)<br/>	at fitnesse.slim.fixtureInteraction.DefaultInteraction.findAndInvoke(DefaultInteraction.java:92)<br/>	at fitnesse.slim.MethodExecutor.findAndInvoke(MethodExecutor.java:18)<br/>	at fitnesse.slim.FixtureMethodExecutor.execute(FixtureMethodExecutor.java:18)<br/>	at fitnesse.slim.StatementExecutor.getMethodExecutionResult(StatementExecutor.java:130)<br/>	at fitnesse.slim.StatementExecutor.call(StatementExecutor.java:103)<br/>	at fitnesse.slim.instructions.CallInstruction.executeInternal(CallInstruction.java:35)<br/>	at fitnesse.slim.instructions.Instruction.execute(Instruction.java:29)<br/>	at fitnesse.slim.ListExecutor$Executive.executeStatement(ListExecutor.java:49)<br/>	at fitnesse.slim.ListExecutor$Executive.executeStatements(ListExecutor.java:43)<br/>	at fitnesse.slim.ListExecutor.execute(ListExecutor.java:85)<br/>	at fitnesse.slim.SlimServer.executeInstructions(SlimServer.java:82)<br/>	at fitnesse.slim.SlimServer.processOneSetOfInstructions(SlimServer.java:75)<br/>	at fitnesse.slim.SlimServer.tryProcessInstructions(SlimServer.java:62)<br/>	at fitnesse.slim.SlimServer.serve(SlimServer.java:47)<br/>	at fitnesse.testsystems.slim.InProcessSlimClient$1.run(InProcessSlimClient.java:53)<br/>	at java.lang.Thread.run(Thread.java:745)<br/></div></span></td>
		<td colspan="3">1200</td>
	</tr>
	<tr class="slimRowColor8">
		<td>click <span class="error"><div>org.openqa.selenium.UnsupportedCommandException: ERROR The test with session id 6d1bb600a0d04b888bc43268d1fc82a1 has already finished, and can't receive further commands.<br/>You can learn more at https://saucelabs.com/jobs/6d1bb600a0d04b888bc43268d1fc82a1<br/>For help, please check https://wiki.saucelabs.com/display/DOCS/Common+Error+Messages<br/>Command duration or timeout: 77 milliseconds<br/>Build info: version: '2.53.1', revision: 'a36b8b1cd5757287168e54b817830adce9b0158d', time: '2016-06-30 19:26:09'<br/>System info: host: 'testing-docker-16bdec8c-f471-483c-ba31-51d7ca110ff3', ip: '172.17.0.9', os.name: 'Linux', os.arch: 'amd64', os.version: '4.8.12-040812-generic', java.version: '1.7.0_76'<br/>*** Element info: {Using=link text, value=Foto's}<br/>Session ID: 6d1bb600a0d04b888bc43268d1fc82a1<br/>Driver info: org.openqa.selenium.remote.RemoteWebDriver<br/>Capabilities [{platform=XP, javascriptEnabled=true, acceptSslCerts=true, hasMetadata=true, browserName=chrome, chrome={userDataDir=C:\Users\ADMINI~1\AppData\Local\Temp\scoped_dir1872_22918, chromedriverVersion=2.24.417431 (9aea000394714d2fbb20850021f6204f2256b9cf)}, networkConnectionEnabled=false, rotatable=false, mobileEmulationEnabled=false, locationContextEnabled=true, webdriver.remote.sessionid=6d1bb600a0d04b888bc43268d1fc82a1, version=55.0.2883.75, pageLoadStrategy=normal, takesHeapSnapshot=true, cssSelectorsEnabled=true, databaseEnabled=false, handlesAlerts=true, browserConnectionEnabled=false, webStorageEnabled=true, nativeEvents=true, hasTouchScreen=false, applicationCacheEnabled=false, takesScreenshot=true}]<br/>	at sun.reflect.GeneratedConstructorAccessor15.newInstance(Unknown Source)<br/>	at sun.reflect.DelegatingConstructorAccessorImpl.newInstance(DelegatingConstructorAccessorImpl.java:45)<br/>	at java.lang.reflect.Constructor.newInstance(Constructor.java:526)<br/>	at org.openqa.selenium.remote.ErrorHandler.createThrowable(ErrorHandler.java:206)<br/>	at org.openqa.selenium.remote.ErrorHandler.throwIfResponseFailed(ErrorHandler.java:158)<br/>	at org.openqa.selenium.remote.RemoteWebDriver.execute(RemoteWebDriver.java:678)<br/>	at org.openqa.selenium.remote.RemoteWebDriver.findElements(RemoteWebDriver.java:388)<br/>	at org.openqa.selenium.remote.RemoteWebDriver.findElementsByLinkText(RemoteWebDriver.java:432)<br/>	at org.openqa.selenium.By$ByLinkText.findElements(By.java:241)<br/>	at org.openqa.selenium.remote.RemoteWebDriver.findElements(RemoteWebDriver.java:351)<br/>	at nl.hsac.fitnesse.fixture.util.selenium.SeleniumHelper.findElement(SeleniumHelper.java:987)<br/>	at nl.hsac.fitnesse.fixture.util.selenium.SeleniumHelper.findElement(SeleniumHelper.java:829)<br/>	at nl.hsac.fitnesse.fixture.util.selenium.SeleniumHelper.findElement(SeleniumHelper.java:818)<br/>	at nl.hsac.fitnesse.fixture.util.selenium.SeleniumHelper.getElementToClick(SeleniumHelper.java:123)<br/>	at nl.hsac.fitnesse.fixture.slim.web.BrowserTest.getElementToClick(BrowserTest.java:728)<br/>	at nl.hsac.fitnesse.fixture.slim.web.BrowserTest.clickImp(BrowserTest.java:685)<br/>	at nl.hsac.fitnesse.fixture.slim.web.BrowserTest.click(BrowserTest.java:663)<br/>	at sun.reflect.GeneratedMethodAccessor3.invoke(Unknown Source)<br/>	at sun.reflect.DelegatingMethodAccessorImpl.invoke(DelegatingMethodAccessorImpl.java:43)<br/>	at java.lang.reflect.Method.invoke(Method.java:606)<br/>	at fitnesse.slim.fixtureInteraction.DefaultInteraction.methodInvoke(DefaultInteraction.java:147)<br/>	at nl.hsac.fitnesse.fixture.slim.SlimFixture.invoke(SlimFixture.java:50)<br/>	at nl.hsac.fitnesse.fixture.slim.web.BrowserTest.superInvoke(BrowserTest.java:105)<br/>	at nl.hsac.fitnesse.fixture.slim.web.BrowserTest$1.apply(BrowserTest.java:69)<br/>	at nl.hsac.fitnesse.fixture.slim.web.BrowserTest$1.apply(BrowserTest.java:65)<br/>	at nl.hsac.fitnesse.fixture.util.selenium.TryAllFramesConditionDecorator.apply(TryAllFramesConditionDecorator.java:34)<br/>	at nl.hsac.fitnesse.fixture.util.selenium.TryAllFramesConditionDecorator.apply(TryAllFramesConditionDecorator.java:16)<br/>	at nl.hsac.fitnesse.fixture.util.selenium.SeleniumHelper$2.apply(SeleniumHelper.java:956)<br/>	at nl.hsac.fitnesse.fixture.util.selenium.SeleniumHelper$2.apply(SeleniumHelper.java:952)<br/>	at org.openqa.selenium.support.ui.FluentWait.until(FluentWait.java:238)<br/>	at nl.hsac.fitnesse.fixture.util.selenium.SeleniumHelper.waitUntil(SeleniumHelper.java:941)<br/>	at nl.hsac.fitnesse.fixture.slim.web.BrowserTest.waitUntilImpl(BrowserTest.java:1733)<br/>	at nl.hsac.fitnesse.fixture.slim.web.BrowserTest.waitUntil(BrowserTest.java:1663)<br/>	at nl.hsac.fitnesse.fixture.slim.web.BrowserTest.invokedWrappedInWaitUntil(BrowserTest.java:98)<br/>	at nl.hsac.fitnesse.fixture.slim.web.BrowserTest.invoke(BrowserTest.java:59)<br/>	at nl.hsac.fitnesse.fixture.slim.SlimFixture.aroundSlimInvoke(SlimFixture.java:30)<br/>	at sun.reflect.GeneratedMethodAccessor1.invoke(Unknown Source)<br/>	at sun.reflect.DelegatingMethodAccessorImpl.invoke(DelegatingMethodAccessorImpl.java:43)<br/>	at java.lang.reflect.Method.invoke(Method.java:606)<br/>	at fitnesse.slim.fixtureInteraction.DefaultInteraction.methodInvoke(DefaultInteraction.java:147)<br/>	at fitnesse.slim.fixtureInteraction.DefaultInteraction.callMethod(DefaultInteraction.java:130)<br/>	at fitnesse.slim.fixtureInteraction.DefaultInteraction.invokeMethod(DefaultInteraction.java:114)<br/>	at fitnesse.slim.fixtureInteraction.DefaultInteraction.findAndInvoke(DefaultInteraction.java:92)<br/>	at fitnesse.slim.MethodExecutor.findAndInvoke(MethodExecutor.java:18)<br/>	at fitnesse.slim.FixtureMethodExecutor.execute(FixtureMethodExecutor.java:18)<br/>	at fitnesse.slim.StatementExecutor.getMethodExecutionResult(StatementExecutor.java:130)<br/>	at fitnesse.slim.StatementExecutor.call(StatementExecutor.java:103)<br/>	at fitnesse.slim.instructions.CallInstruction.executeInternal(CallInstruction.java:35)<br/>	at fitnesse.slim.instructions.Instruction.execute(Instruction.java:29)<br/>	at fitnesse.slim.ListExecutor$Executive.executeStatement(ListExecutor.java:49)<br/>	at fitnesse.slim.ListExecutor$Executive.executeStatements(ListExecutor.java:43)<br/>	at fitnesse.slim.ListExecutor.execute(ListExecutor.java:85)<br/>	at fitnesse.slim.SlimServer.executeInstructions(SlimServer.java:82)<br/>	at fitnesse.slim.SlimServer.processOneSetOfInstructions(SlimServer.java:75)<br/>	at fitnesse.slim.SlimServer.tryProcessInstructions(SlimServer.java:62)<br/>	at fitnesse.slim.SlimServer.serve(SlimServer.java:47)<br/>	at fitnesse.testsystems.slim.InProcessSlimClient$1.run(InProcessSlimClient.java:53)<br/>	at java.lang.Thread.run(Thread.java:745)<br/></div></span></td>
		<td colspan="3">Foto's</td>
	</tr>
	<tr class="slimRowColor9">
		<td>show <span class="error"><div>org.openqa.selenium.UnsupportedCommandException: ERROR The test with session id 6d1bb600a0d04b888bc43268d1fc82a1 has already finished, and can't receive further commands.<br/>You can learn more at https://saucelabs.com/jobs/6d1bb600a0d04b888bc43268d1fc82a1<br/>For help, please check https://wiki.saucelabs.com/display/DOCS/Common+Error+Messages<br/>Command duration or timeout: 76 milliseconds<br/>Build info: version: '2.53.1', revision: 'a36b8b1cd5757287168e54b817830adce9b0158d', time: '2016-06-30 19:26:09'<br/>System info: host: 'testing-docker-16bdec8c-f471-483c-ba31-51d7ca110ff3', ip: '172.17.0.9', os.name: 'Linux', os.arch: 'amd64', os.version: '4.8.12-040812-generic', java.version: '1.7.0_76'<br/>Session ID: 6d1bb600a0d04b888bc43268d1fc82a1<br/>Driver info: org.openqa.selenium.remote.RemoteWebDriver<br/>Capabilities [{platform=XP, javascriptEnabled=true, acceptSslCerts=true, hasMetadata=true, browserName=chrome, chrome={userDataDir=C:\Users\ADMINI~1\AppData\Local\Temp\scoped_dir1872_22918, chromedriverVersion=2.24.417431 (9aea000394714d2fbb20850021f6204f2256b9cf)}, networkConnectionEnabled=false, rotatable=false, mobileEmulationEnabled=false, locationContextEnabled=true, webdriver.remote.sessionid=6d1bb600a0d04b888bc43268d1fc82a1, version=55.0.2883.75, pageLoadStrategy=normal, takesHeapSnapshot=true, cssSelectorsEnabled=true, databaseEnabled=false, handlesAlerts=true, browserConnectionEnabled=false, webStorageEnabled=true, nativeEvents=true, hasTouchScreen=false, applicationCacheEnabled=false, takesScreenshot=true}]<br/>	at sun.reflect.GeneratedConstructorAccessor15.newInstance(Unknown Source)<br/>	at sun.reflect.DelegatingConstructorAccessorImpl.newInstance(DelegatingConstructorAccessorImpl.java:45)<br/>	at java.lang.reflect.Constructor.newInstance(Constructor.java:526)<br/>	at org.openqa.selenium.remote.ErrorHandler.createThrowable(ErrorHandler.java:206)<br/>	at org.openqa.selenium.remote.ErrorHandler.throwIfResponseFailed(ErrorHandler.java:158)<br/>	at org.openqa.selenium.remote.RemoteWebDriver.execute(RemoteWebDriver.java:678)<br/>	at org.openqa.selenium.remote.RemoteWebDriver.execute(RemoteWebDriver.java:701)<br/>	at org.openqa.selenium.remote.RemoteWebDriver.getScreenshotAs(RemoteWebDriver.java:335)<br/>	at nl.hsac.fitnesse.fixture.util.selenium.SeleniumHelper.takeScreenshot(SeleniumHelper.java:1095)<br/>	at nl.hsac.fitnesse.fixture.slim.web.BrowserTest.createScreenshot(BrowserTest.java:1634)<br/>	at nl.hsac.fitnesse.fixture.slim.web.BrowserTest.takeScreenshot(BrowserTest.java:1596)<br/>	at sun.reflect.GeneratedMethodAccessor5.invoke(Unknown Source)<br/>	at sun.reflect.DelegatingMethodAccessorImpl.invoke(DelegatingMethodAccessorImpl.java:43)<br/>	at java.lang.reflect.Method.invoke(Method.java:606)<br/>	at fitnesse.slim.fixtureInteraction.DefaultInteraction.methodInvoke(DefaultInteraction.java:147)<br/>	at nl.hsac.fitnesse.fixture.slim.SlimFixture.invoke(SlimFixture.java:50)<br/>	at nl.hsac.fitnesse.fixture.slim.web.BrowserTest.superInvoke(BrowserTest.java:105)<br/>	at nl.hsac.fitnesse.fixture.slim.web.BrowserTest.invoke(BrowserTest.java:57)<br/>	at nl.hsac.fitnesse.fixture.slim.SlimFixture.aroundSlimInvoke(SlimFixture.java:30)<br/>	at sun.reflect.GeneratedMethodAccessor1.invoke(Unknown Source)<br/>	at sun.reflect.DelegatingMethodAccessorImpl.invoke(DelegatingMethodAccessorImpl.java:43)<br/>	at java.lang.reflect.Method.invoke(Method.java:606)<br/>	at fitnesse.slim.fixtureInteraction.DefaultInteraction.methodInvoke(DefaultInteraction.java:147)<br/>	at fitnesse.slim.fixtureInteraction.DefaultInteraction.callMethod(DefaultInteraction.java:130)<br/>	at fitnesse.slim.fixtureInteraction.DefaultInteraction.invokeMethod(DefaultInteraction.java:114)<br/>	at fitnesse.slim.fixtureInteraction.DefaultInteraction.findAndInvoke(DefaultInteraction.java:92)<br/>	at fitnesse.slim.MethodExecutor.findAndInvoke(MethodExecutor.java:18)<br/>	at fitnesse.slim.FixtureMethodExecutor.execute(FixtureMethodExecutor.java:18)<br/>	at fitnesse.slim.StatementExecutor.getMethodExecutionResult(StatementExecutor.java:130)<br/>	at fitnesse.slim.StatementExecutor.call(StatementExecutor.java:103)<br/>	at fitnesse.slim.instructions.CallInstruction.executeInternal(CallInstruction.java:35)<br/>	at fitnesse.slim.instructions.Instruction.execute(Instruction.java:29)<br/>	at fitnesse.slim.ListExecutor$Executive.executeStatement(ListExecutor.java:49)<br/>	at fitnesse.slim.ListExecutor$Executive.executeStatements(ListExecutor.java:43)<br/>	at fitnesse.slim.ListExecutor.execute(ListExecutor.java:85)<br/>	at fitnesse.slim.SlimServer.executeInstructions(SlimServer.java:82)<br/>	at fitnesse.slim.SlimServer.processOneSetOfInstructions(SlimServer.java:75)<br/>	at fitnesse.slim.SlimServer.tryProcessInstructions(SlimServer.java:62)<br/>	at fitnesse.slim.SlimServer.serve(SlimServer.java:47)<br/>	at fitnesse.testsystems.slim.InProcessSlimClient$1.run(InProcessSlimClient.java:53)<br/>	at java.lang.Thread.run(Thread.java:745)<br/></div></span></td>
		<td>take screenshot</td>
		<td colspan="2">Foto_1</td>
	</tr>
	<tr class="slimRowColor8">
		<td>click <span class="error"><div>org.openqa.selenium.UnsupportedCommandException: ERROR The test with session id 6d1bb600a0d04b888bc43268d1fc82a1 has already finished, and can't receive further commands.<br/>You can learn more at https://saucelabs.com/jobs/6d1bb600a0d04b888bc43268d1fc82a1<br/>For help, please check https://wiki.saucelabs.com/display/DOCS/Common+Error+Messages<br/>Command duration or timeout: 76 milliseconds<br/>Build info: version: '2.53.1', revision: 'a36b8b1cd5757287168e54b817830adce9b0158d', time: '2016-06-30 19:26:09'<br/>System info: host: 'testing-docker-16bdec8c-f471-483c-ba31-51d7ca110ff3', ip: '172.17.0.9', os.name: 'Linux', os.arch: 'amd64', os.version: '4.8.12-040812-generic', java.version: '1.7.0_76'<br/>*** Element info: {Using=link text, value=Volgende foto}<br/>Session ID: 6d1bb600a0d04b888bc43268d1fc82a1<br/>Driver info: org.openqa.selenium.remote.RemoteWebDriver<br/>Capabilities [{platform=XP, javascriptEnabled=true, acceptSslCerts=true, hasMetadata=true, browserName=chrome, chrome={userDataDir=C:\Users\ADMINI~1\AppData\Local\Temp\scoped_dir1872_22918, chromedriverVersion=2.24.417431 (9aea000394714d2fbb20850021f6204f2256b9cf)}, networkConnectionEnabled=false, rotatable=false, mobileEmulationEnabled=false, locationContextEnabled=true, webdriver.remote.sessionid=6d1bb600a0d04b888bc43268d1fc82a1, version=55.0.2883.75, pageLoadStrategy=normal, takesHeapSnapshot=true, cssSelectorsEnabled=true, databaseEnabled=false, handlesAlerts=true, browserConnectionEnabled=false, webStorageEnabled=true, nativeEvents=true, hasTouchScreen=false, applicationCacheEnabled=false, takesScreenshot=true}]<br/>	at sun.reflect.GeneratedConstructorAccessor15.newInstance(Unknown Source)<br/>	at sun.reflect.DelegatingConstructorAccessorImpl.newInstance(DelegatingConstructorAccessorImpl.java:45)<br/>	at java.lang.reflect.Constructor.newInstance(Constructor.java:526)<br/>	at org.openqa.selenium.remote.ErrorHandler.createThrowable(ErrorHandler.java:206)<br/>	at org.openqa.selenium.remote.ErrorHandler.throwIfResponseFailed(ErrorHandler.java:158)<br/>	at org.openqa.selenium.remote.RemoteWebDriver.execute(RemoteWebDriver.java:678)<br/>	at org.openqa.selenium.remote.RemoteWebDriver.findElements(RemoteWebDriver.java:388)<br/>	at org.openqa.selenium.remote.RemoteWebDriver.findElementsByLinkText(RemoteWebDriver.java:432)<br/>	at org.openqa.selenium.By$ByLinkText.findElements(By.java:241)<br/>	at org.openqa.selenium.remote.RemoteWebDriver.findElements(RemoteWebDriver.java:351)<br/>	at nl.hsac.fitnesse.fixture.util.selenium.SeleniumHelper.findElement(SeleniumHelper.java:987)<br/>	at nl.hsac.fitnesse.fixture.util.selenium.SeleniumHelper.findElement(SeleniumHelper.java:829)<br/>	at nl.hsac.fitnesse.fixture.util.selenium.SeleniumHelper.findElement(SeleniumHelper.java:818)<br/>	at nl.hsac.fitnesse.fixture.util.selenium.SeleniumHelper.getElementToClick(SeleniumHelper.java:123)<br/>	at nl.hsac.fitnesse.fixture.slim.web.BrowserTest.getElementToClick(BrowserTest.java:728)<br/>	at nl.hsac.fitnesse.fixture.slim.web.BrowserTest.clickImp(BrowserTest.java:685)<br/>	at nl.hsac.fitnesse.fixture.slim.web.BrowserTest.click(BrowserTest.java:663)<br/>	at sun.reflect.GeneratedMethodAccessor3.invoke(Unknown Source)<br/>	at sun.reflect.DelegatingMethodAccessorImpl.invoke(DelegatingMethodAccessorImpl.java:43)<br/>	at java.lang.reflect.Method.invoke(Method.java:606)<br/>	at fitnesse.slim.fixtureInteraction.DefaultInteraction.methodInvoke(DefaultInteraction.java:147)<br/>	at nl.hsac.fitnesse.fixture.slim.SlimFixture.invoke(SlimFixture.java:50)<br/>	at nl.hsac.fitnesse.fixture.slim.web.BrowserTest.superInvoke(BrowserTest.java:105)<br/>	at nl.hsac.fitnesse.fixture.slim.web.BrowserTest$1.apply(BrowserTest.java:69)<br/>	at nl.hsac.fitnesse.fixture.slim.web.BrowserTest$1.apply(BrowserTest.java:65)<br/>	at nl.hsac.fitnesse.fixture.util.selenium.TryAllFramesConditionDecorator.apply(TryAllFramesConditionDecorator.java:34)<br/>	at nl.hsac.fitnesse.fixture.util.selenium.TryAllFramesConditionDecorator.apply(TryAllFramesConditionDecorator.java:16)<br/>	at nl.hsac.fitnesse.fixture.util.selenium.SeleniumHelper$2.apply(SeleniumHelper.java:956)<br/>	at nl.hsac.fitnesse.fixture.util.selenium.SeleniumHelper$2.apply(SeleniumHelper.java:952)<br/>	at org.openqa.selenium.support.ui.FluentWait.until(FluentWait.java:238)<br/>	at nl.hsac.fitnesse.fixture.util.selenium.SeleniumHelper.waitUntil(SeleniumHelper.java:941)<br/>	at nl.hsac.fitnesse.fixture.slim.web.BrowserTest.waitUntilImpl(BrowserTest.java:1733)<br/>	at nl.hsac.fitnesse.fixture.slim.web.BrowserTest.waitUntil(BrowserTest.java:1663)<br/>	at nl.hsac.fitnesse.fixture.slim.web.BrowserTest.invokedWrappedInWaitUntil(BrowserTest.java:98)<br/>	at nl.hsac.fitnesse.fixture.slim.web.BrowserTest.invoke(BrowserTest.java:59)<br/>	at nl.hsac.fitnesse.fixture.slim.SlimFixture.aroundSlimInvoke(SlimFixture.java:30)<br/>	at sun.reflect.GeneratedMethodAccessor1.invoke(Unknown Source)<br/>	at sun.reflect.DelegatingMethodAccessorImpl.invoke(DelegatingMethodAccessorImpl.java:43)<br/>	at java.lang.reflect.Method.invoke(Method.java:606)<br/>	at fitnesse.slim.fixtureInteraction.DefaultInteraction.methodInvoke(DefaultInteraction.java:147)<br/>	at fitnesse.slim.fixtureInteraction.DefaultInteraction.callMethod(DefaultInteraction.java:130)<br/>	at fitnesse.slim.fixtureInteraction.DefaultInteraction.invokeMethod(DefaultInteraction.java:114)<br/>	at fitnesse.slim.fixtureInteraction.DefaultInteraction.findAndInvoke(DefaultInteraction.java:92)<br/>	at fitnesse.slim.MethodExecutor.findAndInvoke(MethodExecutor.java:18)<br/>	at fitnesse.slim.FixtureMethodExecutor.execute(FixtureMethodExecutor.java:18)<br/>	at fitnesse.slim.StatementExecutor.getMethodExecutionResult(StatementExecutor.java:130)<br/>	at fitnesse.slim.StatementExecutor.call(StatementExecutor.java:103)<br/>	at fitnesse.slim.instructions.CallInstruction.executeInternal(CallInstruction.java:35)<br/>	at fitnesse.slim.instructions.Instruction.execute(Instruction.java:29)<br/>	at fitnesse.slim.ListExecutor$Executive.executeStatement(ListExecutor.java:49)<br/>	at fitnesse.slim.ListExecutor$Executive.executeStatements(ListExecutor.java:43)<br/>	at fitnesse.slim.ListExecutor.execute(ListExecutor.java:85)<br/>	at fitnesse.slim.SlimServer.executeInstructions(SlimServer.java:82)<br/>	at fitnesse.slim.SlimServer.processOneSetOfInstructions(SlimServer.java:75)<br/>	at fitnesse.slim.SlimServer.tryProcessInstructions(SlimServer.java:62)<br/>	at fitnesse.slim.SlimServer.serve(SlimServer.java:47)<br/>	at fitnesse.testsystems.slim.InProcessSlimClient$1.run(InProcessSlimClient.java:53)<br/>	at java.lang.Thread.run(Thread.java:745)<br/></div></span></td>
		<td colspan="3">Volgende foto</td>
	</tr>
	<tr class="slimRowColor8">
		<td>note</td>
		<td colspan="3">Wait for the loading of the next photo to complete</td>
	</tr>
	<tr class="slimRowColor0">
		<td><span class="pass">wait seconds</span></td>
		<td colspan="3">1</td>
	</tr>
	<tr class="slimRowColor9">
		<td>show <span class="error"><div>org.openqa.selenium.UnsupportedCommandException: ERROR The test with session id 6d1bb600a0d04b888bc43268d1fc82a1 has already finished, and can't receive further commands.<br/>You can learn more at https://saucelabs.com/jobs/6d1bb600a0d04b888bc43268d1fc82a1<br/>For help, please check https://wiki.saucelabs.com/display/DOCS/Common+Error+Messages<br/>Command duration or timeout: 76 milliseconds<br/>Build info: version: '2.53.1', revision: 'a36b8b1cd5757287168e54b817830adce9b0158d', time: '2016-06-30 19:26:09'<br/>System info: host: 'testing-docker-16bdec8c-f471-483c-ba31-51d7ca110ff3', ip: '172.17.0.9', os.name: 'Linux', os.arch: 'amd64', os.version: '4.8.12-040812-generic', java.version: '1.7.0_76'<br/>Session ID: 6d1bb600a0d04b888bc43268d1fc82a1<br/>Driver info: org.openqa.selenium.remote.RemoteWebDriver<br/>Capabilities [{platform=XP, javascriptEnabled=true, acceptSslCerts=true, hasMetadata=true, browserName=chrome, chrome={userDataDir=C:\Users\ADMINI~1\AppData\Local\Temp\scoped_dir1872_22918, chromedriverVersion=2.24.417431 (9aea000394714d2fbb20850021f6204f2256b9cf)}, networkConnectionEnabled=false, rotatable=false, mobileEmulationEnabled=false, locationContextEnabled=true, webdriver.remote.sessionid=6d1bb600a0d04b888bc43268d1fc82a1, version=55.0.2883.75, pageLoadStrategy=normal, takesHeapSnapshot=true, cssSelectorsEnabled=true, databaseEnabled=false, handlesAlerts=true, browserConnectionEnabled=false, webStorageEnabled=true, nativeEvents=true, hasTouchScreen=false, applicationCacheEnabled=false, takesScreenshot=true}]<br/>	at sun.reflect.GeneratedConstructorAccessor15.newInstance(Unknown Source)<br/>	at sun.reflect.DelegatingConstructorAccessorImpl.newInstance(DelegatingConstructorAccessorImpl.java:45)<br/>	at java.lang.reflect.Constructor.newInstance(Constructor.java:526)<br/>	at org.openqa.selenium.remote.ErrorHandler.createThrowable(ErrorHandler.java:206)<br/>	at org.openqa.selenium.remote.ErrorHandler.throwIfResponseFailed(ErrorHandler.java:158)<br/>	at org.openqa.selenium.remote.RemoteWebDriver.execute(RemoteWebDriver.java:678)<br/>	at org.openqa.selenium.remote.RemoteWebDriver.execute(RemoteWebDriver.java:701)<br/>	at org.openqa.selenium.remote.RemoteWebDriver.getScreenshotAs(RemoteWebDriver.java:335)<br/>	at nl.hsac.fitnesse.fixture.util.selenium.SeleniumHelper.takeScreenshot(SeleniumHelper.java:1095)<br/>	at nl.hsac.fitnesse.fixture.slim.web.BrowserTest.createScreenshot(BrowserTest.java:1634)<br/>	at nl.hsac.fitnesse.fixture.slim.web.BrowserTest.takeScreenshot(BrowserTest.java:1596)<br/>	at sun.reflect.GeneratedMethodAccessor5.invoke(Unknown Source)<br/>	at sun.reflect.DelegatingMethodAccessorImpl.invoke(DelegatingMethodAccessorImpl.java:43)<br/>	at java.lang.reflect.Method.invoke(Method.java:606)<br/>	at fitnesse.slim.fixtureInteraction.DefaultInteraction.methodInvoke(DefaultInteraction.java:147)<br/>	at nl.hsac.fitnesse.fixture.slim.SlimFixture.invoke(SlimFixture.java:50)<br/>	at nl.hsac.fitnesse.fixture.slim.web.BrowserTest.superInvoke(BrowserTest.java:105)<br/>	at nl.hsac.fitnesse.fixture.slim.web.BrowserTest.invoke(BrowserTest.java:57)<br/>	at nl.hsac.fitnesse.fixture.slim.SlimFixture.aroundSlimInvoke(SlimFixture.java:30)<br/>	at sun.reflect.GeneratedMethodAccessor1.invoke(Unknown Source)<br/>	at sun.reflect.DelegatingMethodAccessorImpl.invoke(DelegatingMethodAccessorImpl.java:43)<br/>	at java.lang.reflect.Method.invoke(Method.java:606)<br/>	at fitnesse.slim.fixtureInteraction.DefaultInteraction.methodInvoke(DefaultInteraction.java:147)<br/>	at fitnesse.slim.fixtureInteraction.DefaultInteraction.callMethod(DefaultInteraction.java:130)<br/>	at fitnesse.slim.fixtureInteraction.DefaultInteraction.invokeMethod(DefaultInteraction.java:114)<br/>	at fitnesse.slim.fixtureInteraction.DefaultInteraction.findAndInvoke(DefaultInteraction.java:92)<br/>	at fitnesse.slim.MethodExecutor.findAndInvoke(MethodExecutor.java:18)<br/>	at fitnesse.slim.FixtureMethodExecutor.execute(FixtureMethodExecutor.java:18)<br/>	at fitnesse.slim.StatementExecutor.getMethodExecutionResult(StatementExecutor.java:130)<br/>	at fitnesse.slim.StatementExecutor.call(StatementExecutor.java:103)<br/>	at fitnesse.slim.instructions.CallInstruction.executeInternal(CallInstruction.java:35)<br/>	at fitnesse.slim.instructions.Instruction.execute(Instruction.java:29)<br/>	at fitnesse.slim.ListExecutor$Executive.executeStatement(ListExecutor.java:49)<br/>	at fitnesse.slim.ListExecutor$Executive.executeStatements(ListExecutor.java:43)<br/>	at fitnesse.slim.ListExecutor.execute(ListExecutor.java:85)<br/>	at fitnesse.slim.SlimServer.executeInstructions(SlimServer.java:82)<br/>	at fitnesse.slim.SlimServer.processOneSetOfInstructions(SlimServer.java:75)<br/>	at fitnesse.slim.SlimServer.tryProcessInstructions(SlimServer.java:62)<br/>	at fitnesse.slim.SlimServer.serve(SlimServer.java:47)<br/>	at fitnesse.testsystems.slim.InProcessSlimClient$1.run(InProcessSlimClient.java:53)<br/>	at java.lang.Thread.run(Thread.java:745)<br/></div></span></td>
		<td>take screenshot</td>
		<td colspan="2">Foto_2</td>
	</tr>
	<tr class="slimRowColor8">
		<td>click <span class="error"><div>org.openqa.selenium.UnsupportedCommandException: ERROR The test with session id 6d1bb600a0d04b888bc43268d1fc82a1 has already finished, and can't receive further commands.<br/>You can learn more at https://saucelabs.com/jobs/6d1bb600a0d04b888bc43268d1fc82a1<br/>For help, please check https://wiki.saucelabs.com/display/DOCS/Common+Error+Messages<br/>Command duration or timeout: 78 milliseconds<br/>Build info: version: '2.53.1', revision: 'a36b8b1cd5757287168e54b817830adce9b0158d', time: '2016-06-30 19:26:09'<br/>System info: host: 'testing-docker-16bdec8c-f471-483c-ba31-51d7ca110ff3', ip: '172.17.0.9', os.name: 'Linux', os.arch: 'amd64', os.version: '4.8.12-040812-generic', java.version: '1.7.0_76'<br/>*** Element info: {Using=link text, value=Volgende foto}<br/>Session ID: 6d1bb600a0d04b888bc43268d1fc82a1<br/>Driver info: org.openqa.selenium.remote.RemoteWebDriver<br/>Capabilities [{platform=XP, javascriptEnabled=true, acceptSslCerts=true, hasMetadata=true, browserName=chrome, chrome={userDataDir=C:\Users\ADMINI~1\AppData\Local\Temp\scoped_dir1872_22918, chromedriverVersion=2.24.417431 (9aea000394714d2fbb20850021f6204f2256b9cf)}, networkConnectionEnabled=false, rotatable=false, mobileEmulationEnabled=false, locationContextEnabled=true, webdriver.remote.sessionid=6d1bb600a0d04b888bc43268d1fc82a1, version=55.0.2883.75, pageLoadStrategy=normal, takesHeapSnapshot=true, cssSelectorsEnabled=true, databaseEnabled=false, handlesAlerts=true, browserConnectionEnabled=false, webStorageEnabled=true, nativeEvents=true, hasTouchScreen=false, applicationCacheEnabled=false, takesScreenshot=true}]<br/>	at sun.reflect.GeneratedConstructorAccessor15.newInstance(Unknown Source)<br/>	at sun.reflect.DelegatingConstructorAccessorImpl.newInstance(DelegatingConstructorAccessorImpl.java:45)<br/>	at java.lang.reflect.Constructor.newInstance(Constructor.java:526)<br/>	at org.openqa.selenium.remote.ErrorHandler.createThrowable(ErrorHandler.java:206)<br/>	at org.openqa.selenium.remote.ErrorHandler.throwIfResponseFailed(ErrorHandler.java:158)<br/>	at org.openqa.selenium.remote.RemoteWebDriver.execute(RemoteWebDriver.java:678)<br/>	at org.openqa.selenium.remote.RemoteWebDriver.findElements(RemoteWebDriver.java:388)<br/>	at org.openqa.selenium.remote.RemoteWebDriver.findElementsByLinkText(RemoteWebDriver.java:432)<br/>	at org.openqa.selenium.By$ByLinkText.findElements(By.java:241)<br/>	at org.openqa.selenium.remote.RemoteWebDriver.findElements(RemoteWebDriver.java:351)<br/>	at nl.hsac.fitnesse.fixture.util.selenium.SeleniumHelper.findElement(SeleniumHelper.java:987)<br/>	at nl.hsac.fitnesse.fixture.util.selenium.SeleniumHelper.findElement(SeleniumHelper.java:829)<br/>	at nl.hsac.fitnesse.fixture.util.selenium.SeleniumHelper.findElement(SeleniumHelper.java:818)<br/>	at nl.hsac.fitnesse.fixture.util.selenium.SeleniumHelper.getElementToClick(SeleniumHelper.java:123)<br/>	at nl.hsac.fitnesse.fixture.slim.web.BrowserTest.getElementToClick(BrowserTest.java:728)<br/>	at nl.hsac.fitnesse.fixture.slim.web.BrowserTest.clickImp(BrowserTest.java:685)<br/>	at nl.hsac.fitnesse.fixture.slim.web.BrowserTest.click(BrowserTest.java:663)<br/>	at sun.reflect.GeneratedMethodAccessor3.invoke(Unknown Source)<br/>	at sun.reflect.DelegatingMethodAccessorImpl.invoke(DelegatingMethodAccessorImpl.java:43)<br/>	at java.lang.reflect.Method.invoke(Method.java:606)<br/>	at fitnesse.slim.fixtureInteraction.DefaultInteraction.methodInvoke(DefaultInteraction.java:147)<br/>	at nl.hsac.fitnesse.fixture.slim.SlimFixture.invoke(SlimFixture.java:50)<br/>	at nl.hsac.fitnesse.fixture.slim.web.BrowserTest.superInvoke(BrowserTest.java:105)<br/>	at nl.hsac.fitnesse.fixture.slim.web.BrowserTest$1.apply(BrowserTest.java:69)<br/>	at nl.hsac.fitnesse.fixture.slim.web.BrowserTest$1.apply(BrowserTest.java:65)<br/>	at nl.hsac.fitnesse.fixture.util.selenium.TryAllFramesConditionDecorator.apply(TryAllFramesConditionDecorator.java:34)<br/>	at nl.hsac.fitnesse.fixture.util.selenium.TryAllFramesConditionDecorator.apply(TryAllFramesConditionDecorator.java:16)<br/>	at nl.hsac.fitnesse.fixture.util.selenium.SeleniumHelper$2.apply(SeleniumHelper.java:956)<br/>	at nl.hsac.fitnesse.fixture.util.selenium.SeleniumHelper$2.apply(SeleniumHelper.java:952)<br/>	at org.openqa.selenium.support.ui.FluentWait.until(FluentWait.java:238)<br/>	at nl.hsac.fitnesse.fixture.util.selenium.SeleniumHelper.waitUntil(SeleniumHelper.java:941)<br/>	at nl.hsac.fitnesse.fixture.slim.web.BrowserTest.waitUntilImpl(BrowserTest.java:1733)<br/>	at nl.hsac.fitnesse.fixture.slim.web.BrowserTest.waitUntil(BrowserTest.java:1663)<br/>	at nl.hsac.fitnesse.fixture.slim.web.BrowserTest.invokedWrappedInWaitUntil(BrowserTest.java:98)<br/>	at nl.hsac.fitnesse.fixture.slim.web.BrowserTest.invoke(BrowserTest.java:59)<br/>	at nl.hsac.fitnesse.fixture.slim.SlimFixture.aroundSlimInvoke(SlimFixture.java:30)<br/>	at sun.reflect.GeneratedMethodAccessor1.invoke(Unknown Source)<br/>	at sun.reflect.DelegatingMethodAccessorImpl.invoke(DelegatingMethodAccessorImpl.java:43)<br/>	at java.lang.reflect.Method.invoke(Method.java:606)<br/>	at fitnesse.slim.fixtureInteraction.DefaultInteraction.methodInvoke(DefaultInteraction.java:147)<br/>	at fitnesse.slim.fixtureInteraction.DefaultInteraction.callMethod(DefaultInteraction.java:130)<br/>	at fitnesse.slim.fixtureInteraction.DefaultInteraction.invokeMethod(DefaultInteraction.java:114)<br/>	at fitnesse.slim.fixtureInteraction.DefaultInteraction.findAndInvoke(DefaultInteraction.java:92)<br/>	at fitnesse.slim.MethodExecutor.findAndInvoke(MethodExecutor.java:18)<br/>	at fitnesse.slim.FixtureMethodExecutor.execute(FixtureMethodExecutor.java:18)<br/>	at fitnesse.slim.StatementExecutor.getMethodExecutionResult(StatementExecutor.java:130)<br/>	at fitnesse.slim.StatementExecutor.call(StatementExecutor.java:103)<br/>	at fitnesse.slim.instructions.CallInstruction.executeInternal(CallInstruction.java:35)<br/>	at fitnesse.slim.instructions.Instruction.execute(Instruction.java:29)<br/>	at fitnesse.slim.ListExecutor$Executive.executeStatement(ListExecutor.java:49)<br/>	at fitnesse.slim.ListExecutor$Executive.executeStatements(ListExecutor.java:43)<br/>	at fitnesse.slim.ListExecutor.execute(ListExecutor.java:85)<br/>	at fitnesse.slim.SlimServer.executeInstructions(SlimServer.java:82)<br/>	at fitnesse.slim.SlimServer.processOneSetOfInstructions(SlimServer.java:75)<br/>	at fitnesse.slim.SlimServer.tryProcessInstructions(SlimServer.java:62)<br/>	at fitnesse.slim.SlimServer.serve(SlimServer.java:47)<br/>	at fitnesse.testsystems.slim.InProcessSlimClient$1.run(InProcessSlimClient.java:53)<br/>	at java.lang.Thread.run(Thread.java:745)<br/></div></span></td>
		<td colspan="3">Volgende foto</td>
	</tr>
	<tr class="slimRowColor0">
		<td><span class="pass">wait seconds</span></td>
		<td colspan="3">1</td>
	</tr>
	<tr class="slimRowColor9">
		<td>show <span class="error"><div>org.openqa.selenium.UnsupportedCommandException: ERROR The test with session id 6d1bb600a0d04b888bc43268d1fc82a1 has already finished, and can't receive further commands.<br/>You can learn more at https://saucelabs.com/jobs/6d1bb600a0d04b888bc43268d1fc82a1<br/>For help, please check https://wiki.saucelabs.com/display/DOCS/Common+Error+Messages<br/>Command duration or timeout: 77 milliseconds<br/>Build info: version: '2.53.1', revision: 'a36b8b1cd5757287168e54b817830adce9b0158d', time: '2016-06-30 19:26:09'<br/>System info: host: 'testing-docker-16bdec8c-f471-483c-ba31-51d7ca110ff3', ip: '172.17.0.9', os.name: 'Linux', os.arch: 'amd64', os.version: '4.8.12-040812-generic', java.version: '1.7.0_76'<br/>Session ID: 6d1bb600a0d04b888bc43268d1fc82a1<br/>Driver info: org.openqa.selenium.remote.RemoteWebDriver<br/>Capabilities [{platform=XP, javascriptEnabled=true, acceptSslCerts=true, hasMetadata=true, browserName=chrome, chrome={userDataDir=C:\Users\ADMINI~1\AppData\Local\Temp\scoped_dir1872_22918, chromedriverVersion=2.24.417431 (9aea000394714d2fbb20850021f6204f2256b9cf)}, networkConnectionEnabled=false, rotatable=false, mobileEmulationEnabled=false, locationContextEnabled=true, webdriver.remote.sessionid=6d1bb600a0d04b888bc43268d1fc82a1, version=55.0.2883.75, pageLoadStrategy=normal, takesHeapSnapshot=true, cssSelectorsEnabled=true, databaseEnabled=false, handlesAlerts=true, browserConnectionEnabled=false, webStorageEnabled=true, nativeEvents=true, hasTouchScreen=false, applicationCacheEnabled=false, takesScreenshot=true}]<br/>	at sun.reflect.GeneratedConstructorAccessor15.newInstance(Unknown Source)<br/>	at sun.reflect.DelegatingConstructorAccessorImpl.newInstance(DelegatingConstructorAccessorImpl.java:45)<br/>	at java.lang.reflect.Constructor.newInstance(Constructor.java:526)<br/>	at org.openqa.selenium.remote.ErrorHandler.createThrowable(ErrorHandler.java:206)<br/>	at org.openqa.selenium.remote.ErrorHandler.throwIfResponseFailed(ErrorHandler.java:158)<br/>	at org.openqa.selenium.remote.RemoteWebDriver.execute(RemoteWebDriver.java:678)<br/>	at org.openqa.selenium.remote.RemoteWebDriver.execute(RemoteWebDriver.java:701)<br/>	at org.openqa.selenium.remote.RemoteWebDriver.getScreenshotAs(RemoteWebDriver.java:335)<br/>	at nl.hsac.fitnesse.fixture.util.selenium.SeleniumHelper.takeScreenshot(SeleniumHelper.java:1095)<br/>	at nl.hsac.fitnesse.fixture.slim.web.BrowserTest.createScreenshot(BrowserTest.java:1634)<br/>	at nl.hsac.fitnesse.fixture.slim.web.BrowserTest.takeScreenshot(BrowserTest.java:1596)<br/>	at sun.reflect.GeneratedMethodAccessor5.invoke(Unknown Source)<br/>	at sun.reflect.DelegatingMethodAccessorImpl.invoke(DelegatingMethodAccessorImpl.java:43)<br/>	at java.lang.reflect.Method.invoke(Method.java:606)<br/>	at fitnesse.slim.fixtureInteraction.DefaultInteraction.methodInvoke(DefaultInteraction.java:147)<br/>	at nl.hsac.fitnesse.fixture.slim.SlimFixture.invoke(SlimFixture.java:50)<br/>	at nl.hsac.fitnesse.fixture.slim.web.BrowserTest.superInvoke(BrowserTest.java:105)<br/>	at nl.hsac.fitnesse.fixture.slim.web.BrowserTest.invoke(BrowserTest.java:57)<br/>	at nl.hsac.fitnesse.fixture.slim.SlimFixture.aroundSlimInvoke(SlimFixture.java:30)<br/>	at sun.reflect.GeneratedMethodAccessor1.invoke(Unknown Source)<br/>	at sun.reflect.DelegatingMethodAccessorImpl.invoke(DelegatingMethodAccessorImpl.java:43)<br/>	at java.lang.reflect.Method.invoke(Method.java:606)<br/>	at fitnesse.slim.fixtureInteraction.DefaultInteraction.methodInvoke(DefaultInteraction.java:147)<br/>	at fitnesse.slim.fixtureInteraction.DefaultInteraction.callMethod(DefaultInteraction.java:130)<br/>	at fitnesse.slim.fixtureInteraction.DefaultInteraction.invokeMethod(DefaultInteraction.java:114)<br/>	at fitnesse.slim.fixtureInteraction.DefaultInteraction.findAndInvoke(DefaultInteraction.java:92)<br/>	at fitnesse.slim.MethodExecutor.findAndInvoke(MethodExecutor.java:18)<br/>	at fitnesse.slim.FixtureMethodExecutor.execute(FixtureMethodExecutor.java:18)<br/>	at fitnesse.slim.StatementExecutor.getMethodExecutionResult(StatementExecutor.java:130)<br/>	at fitnesse.slim.StatementExecutor.call(StatementExecutor.java:103)<br/>	at fitnesse.slim.instructions.CallInstruction.executeInternal(CallInstruction.java:35)<br/>	at fitnesse.slim.instructions.Instruction.execute(Instruction.java:29)<br/>	at fitnesse.slim.ListExecutor$Executive.executeStatement(ListExecutor.java:49)<br/>	at fitnesse.slim.ListExecutor$Executive.executeStatements(ListExecutor.java:43)<br/>	at fitnesse.slim.ListExecutor.execute(ListExecutor.java:85)<br/>	at fitnesse.slim.SlimServer.executeInstructions(SlimServer.java:82)<br/>	at fitnesse.slim.SlimServer.processOneSetOfInstructions(SlimServer.java:75)<br/>	at fitnesse.slim.SlimServer.tryProcessInstructions(SlimServer.java:62)<br/>	at fitnesse.slim.SlimServer.serve(SlimServer.java:47)<br/>	at fitnesse.testsystems.slim.InProcessSlimClient$1.run(InProcessSlimClient.java:53)<br/>	at java.lang.Thread.run(Thread.java:745)<br/></div></span></td>
		<td>take screenshot</td>
		<td colspan="2">Foto_3</td>
	</tr>
</table>
<br/>When multiple similar sequences of steps are needed a script can be generalized using a scenario, which is show in <a href="HsacExamples.SlimTests.BrowserTests.ScenarioTest">ScenarioTest</a>. <br/>To make test more readable, maintainable and powerful we can also create custom subclasses of BrowserTest. This is shown in <a href="HsacExamples.SlimTests.BrowserTests.CustomFixtureTest">CustomFixtureTest</a>.<br/></article></body></html>